#
# There is insufficient memory for the Java Runtime Environment to continue.
# Native memory allocation (malloc) failed to allocate 32744 bytes. Error detail: Chunk::new
# Possible reasons:
#   The system is out of physical RAM or swap space
#   This process is running with CompressedOops enabled, and the Java Heap may be blocking the growth of the native heap
# Possible solutions:
#   Reduce memory load on the system
#   Increase physical memory or swap space
#   Check if swap backing store is full
#   Decrease Java heap size (-Xmx/-Xms)
#   Decrease number of Java threads
#   Decrease Java thread stack sizes (-Xss)
#   Set larger code cache with -XX:ReservedCodeCacheSize=
#   JVM is running with Unscaled Compressed Oops mode in which the Java heap is
#     placed in the first 4GB address space. The Java Heap base address is the
#     maximum limit for the native heap growth. Please use -XX:HeapBaseMinAddress
#     to set the Java Heap base and to place the Java Heap above 4GB virtual address.
# This output file may be truncated or incomplete.
#
#  Out of Memory Error (arena.cpp:168), pid=25836, tid=29304
#
# JRE version: OpenJDK Runtime Environment Temurin-21.0.11+10 (21.0.11+10) (build 21.0.11+10-LTS)
# Java VM: OpenJDK 64-Bit Server VM Temurin-21.0.11+10 (21.0.11+10-LTS, mixed mode, sharing, tiered, compressed oops, compressed class ptrs, parallel gc, windows-amd64)
# No core dump will be written. Minidumps are not enabled by default on client versions of Windows
#

---------------  S U M M A R Y ------------

Command Line: --add-modules=ALL-SYSTEM --add-opens=java.base/java.util=ALL-UNNAMED --add-opens=java.base/java.lang=ALL-UNNAMED --add-opens=java.base/sun.nio.fs=ALL-UNNAMED -Declipse.application=org.eclipse.jdt.ls.core.id1 -Dosgi.bundles.defaultStartLevel=4 -Declipse.product=org.eclipse.jdt.ls.core.product -Djava.import.generatesMetadataFilesAtProjectRoot=false -DDetectVMInstallationsJob.disabled=true -Dfile.encoding=utf8 -XX:+UseParallelGC -XX:GCTimeRatio=4 -XX:AdaptiveSizePolicyWeight=90 -Dsun.zip.disableMemoryMapping=true -Xmx2G -Xms100m -Xlog:disable -javaagent:c:\Users\bruno\.vscode\extensions\redhat.java-1.55.0-win32-x64\lombok\lombok-1.18.39-4050.jar c:\Users\bruno\.vscode\extensions\redhat.java-1.55.0-win32-x64\server\plugins\org.eclipse.equinox.launcher_1.7.200.v20260619-2039.jar -configuration c:\Users\bruno\AppData\Roaming\Code\User\globalStorage\redhat.java\1.55.0\config_ss_win -data c:\Users\bruno\AppData\Roaming\Code\User\workspaceStorage\7a2d020932557ee57ef882c2d2f97887\redhat.java\ss_ws --pipe=\\.\pipe\lsp-92a1b5293c8c208e699fae74b4341265-sock

Host: 11th Gen Intel(R) Core(TM) i7-1165G7 @ 2.80GHz, 8 cores, 15G,  Windows 11 , 64 bit Build 26100 (10.0.26100.8521)
Time: Mon Jun 29 22:01:52 2026 Hora oficial do Brasil elapsed time: 3.235957 seconds (0d 0h 0m 3s)

---------------  T H R E A D  ---------------

Current thread (0x000002a06af5f800):  JavaThread "C2 CompilerThread0" daemon [_thread_in_native, id=29304, stack(0x000000cd55000000,0x000000cd55100000) (1024K)]


Current CompileTask:
C2:3236 1350   !   4       java.lang.String::<init> (880 bytes)

Stack: [0x000000cd55000000,0x000000cd55100000]
Native frames: (J=compiled Java code, j=interpreted, Vv=VM code, C=native code)
V  [jvm.dll+0x6d7e19]
V  [jvm.dll+0x8b5096]
V  [jvm.dll+0x8b764e]
V  [jvm.dll+0x8b7d33]
V  [jvm.dll+0x284596]
V  [jvm.dll+0xc685d]
V  [jvm.dll+0xc6da1]
V  [jvm.dll+0x703803]
V  [jvm.dll+0x1e421a]
V  [jvm.dll+0x24c853]
V  [jvm.dll+0x24bce0]
V  [jvm.dll+0x1cb4ae]
V  [jvm.dll+0x25baad]
V  [jvm.dll+0x25a03a]
V  [jvm.dll+0x3f868e]
V  [jvm.dll+0x85fb0d]
V  [jvm.dll+0x6d664d]
C  [ucrtbase.dll+0x2cd30]
C  [KERNEL32.DLL+0x2e957]
C  [ntdll.dll+0x87c1c]


---------------  P R O C E S S  ---------------

Threads class SMR info:
_java_thread_list=0x000002a06c9dd370, length=13, elements={
0x000002a052299800, 0x000002a06af4c7f0, 0x000002a06af4f920, 0x000002a06af55110,
0x000002a06af57b80, 0x000002a06af5bb50, 0x000002a06af5c5b0, 0x000002a06af5f800,
0x000002a06af8e4c0, 0x000002a06ca8b0a0, 0x000002a06cb64fa0, 0x000002a07159cde0,
0x000002a07159d490
}

Java Threads: ( => current thread )
  0x000002a052299800 JavaThread "main"                              [_thread_in_vm, id=16960, stack(0x000000cd54600000,0x000000cd54700000) (1024K)]
  0x000002a06af4c7f0 JavaThread "Reference Handler"          daemon [_thread_blocked, id=21460, stack(0x000000cd54a00000,0x000000cd54b00000) (1024K)]
  0x000002a06af4f920 JavaThread "Finalizer"                  daemon [_thread_blocked, id=19264, stack(0x000000cd54b00000,0x000000cd54c00000) (1024K)]
  0x000002a06af55110 JavaThread "Signal Dispatcher"          daemon [_thread_blocked, id=14428, stack(0x000000cd54c00000,0x000000cd54d00000) (1024K)]
  0x000002a06af57b80 JavaThread "Attach Listener"            daemon [_thread_blocked, id=17244, stack(0x000000cd54d00000,0x000000cd54e00000) (1024K)]
  0x000002a06af5bb50 JavaThread "Service Thread"             daemon [_thread_blocked, id=4280, stack(0x000000cd54e00000,0x000000cd54f00000) (1024K)]
  0x000002a06af5c5b0 JavaThread "Monitor Deflation Thread"   daemon [_thread_blocked, id=6392, stack(0x000000cd54f00000,0x000000cd55000000) (1024K)]
=>0x000002a06af5f800 JavaThread "C2 CompilerThread0"         daemon [_thread_in_native, id=29304, stack(0x000000cd55000000,0x000000cd55100000) (1024K)]
  0x000002a06af8e4c0 JavaThread "C1 CompilerThread0"         daemon [_thread_blocked, id=4712, stack(0x000000cd55100000,0x000000cd55200000) (1024K)]
  0x000002a06ca8b0a0 JavaThread "Common-Cleaner"             daemon [_thread_blocked, id=11236, stack(0x000000cd55300000,0x000000cd55400000) (1024K)]
  0x000002a06cb64fa0 JavaThread "Notification Thread"        daemon [_thread_blocked, id=712, stack(0x000000cd55200000,0x000000cd55300000) (1024K)]
  0x000002a07159cde0 JavaThread "C2 CompilerThread1"         daemon [_thread_in_vm, id=13364, stack(0x000000cd55a00000,0x000000cd55b00000) (1024K)]
  0x000002a07159d490 JavaThread "C2 CompilerThread2"         daemon [_thread_in_native, id=3360, stack(0x000000cd55b00000,0x000000cd55c00000) (1024K)]
Total: 13

Other Threads:
  0x000002a06af32860 VMThread "VM Thread"                           [id=11936, stack(0x000000cd54900000,0x000000cd54a00000) (1024K)]
  0x000002a06ae6c950 WatcherThread "VM Periodic Task Thread"        [id=20184, stack(0x000000cd54800000,0x000000cd54900000) (1024K)]
  0x000002a0544f9290 WorkerThread "GC Thread#0"                     [id=21808, stack(0x000000cd54700000,0x000000cd54800000) (1024K)]
  0x000002a0711e0fd0 WorkerThread "GC Thread#1"                     [id=23668, stack(0x000000cd55400000,0x000000cd55500000) (1024K)]
  0x000002a07124eb10 WorkerThread "GC Thread#2"                     [id=6896, stack(0x000000cd55500000,0x000000cd55600000) (1024K)]
  0x000002a07103e2e0 WorkerThread "GC Thread#3"                     [id=2540, stack(0x000000cd55600000,0x000000cd55700000) (1024K)]
  0x000002a07103e690 WorkerThread "GC Thread#4"                     [id=12232, stack(0x000000cd55700000,0x000000cd55800000) (1024K)]
  0x000002a07103ea40 WorkerThread "GC Thread#5"                     [id=18176, stack(0x000000cd55800000,0x000000cd55900000) (1024K)]
  0x000002a07103edf0 WorkerThread "GC Thread#6"                     [id=1580, stack(0x000000cd55900000,0x000000cd55a00000) (1024K)]
Total: 9

Threads with active compile tasks:
C2 CompilerThread0  3261 1350   !   4       java.lang.String::<init> (880 bytes)
C2 CompilerThread1  3261 1371       4       java.lang.StringBuilder::length (5 bytes)
C2 CompilerThread2  3261 1370       4       java.util.Collections$UnmodifiableCollection$1::next (10 bytes)
Total: 3

VM state: not at safepoint (normal execution)

VM Mutex/Monitor currently owned by a thread: None

Heap address: 0x0000000080000000, size: 2048 MB, Compressed Oops mode: 32-bit

CDS archive(s) mapped at: [0x000002a000000000-0x000002a000ba0000-0x000002a000ba0000), size 12189696, SharedBaseAddress: 0x000002a000000000, ArchiveRelocationMode: 1.
Compressed class space mapped at: 0x000002a001000000-0x000002a041000000, reserved size: 1073741824
Narrow klass base: 0x000002a000000000, Narrow klass shift: 0, Narrow klass range: 0x100000000

GC Precious Log:
 CardTable entry size: 512
 CPUs: 8 total, 8 available
 Memory: 16106M
 Large Page Support: Disabled
 NUMA Support: Disabled
 Compressed Oops: Enabled (32-bit)
 Alignments: Space 512K, Generation 512K, Heap 2M
 Heap Min Capacity: 100M
 Heap Initial Capacity: 100M
 Heap Max Capacity: 2G
 Pre-touch: Disabled
 Parallel Workers: 8

Heap:
 PSYoungGen      total 29696K, used 14079K [0x00000000d5580000, 0x00000000d7680000, 0x0000000100000000)
  eden space 25600K, 41% used [0x00000000d5580000,0x00000000d5ffdd90,0x00000000d6e80000)
  from space 4096K, 81% used [0x00000000d6e80000,0x00000000d71c1e98,0x00000000d7280000)
  to   space 4096K, 0% used [0x00000000d7280000,0x00000000d7280000,0x00000000d7680000)
 ParOldGen       total 68608K, used 8K [0x0000000080000000, 0x0000000084300000, 0x00000000d5580000)
  object space 68608K, 0% used [0x0000000080000000,0x0000000080002000,0x0000000084300000)
 Metaspace       used 6471K, committed 6720K, reserved 1114112K
  class space    used 658K, committed 768K, reserved 1048576K

Card table byte_map: [0x000002a053ea0000,0x000002a0542b0000] _byte_map_base: 0x000002a053aa0000

Marking Bits: (ParMarkBitMap*) 0x00007ffea5674460
 Begin Bits: [0x000002a066990000, 0x000002a068990000)
 End Bits:   [0x000002a068990000, 0x000002a06a990000)

Polling page: 0x000002a0526e0000

Metaspace:

Usage:
  Non-class:      5.68 MB used.
      Class:    658.97 KB used.
       Both:      6.32 MB used.

Virtual space:
  Non-class space:       64.00 MB reserved,       5.81 MB (  9%) committed,  1 nodes.
      Class space:        1.00 GB reserved,     768.00 KB ( <1%) committed,  1 nodes.
             Both:        1.06 GB reserved,       6.56 MB ( <1%) committed. 

Chunk freelists:
   Non-Class:  9.83 MB
       Class:  15.07 MB
        Both:  24.89 MB

MaxMetaspaceSize: unlimited
CompressedClassSpaceSize: 1.00 GB
Initial GC threshold: 21.00 MB
Current GC threshold: 21.00 MB
CDS: on
 - commit_granule_bytes: 65536.
 - commit_granule_words: 8192.
 - virtual_space_node_default_size: 8388608.
 - enlarge_chunks_in_place: 1.
 - use_allocation_guard: 0.


Internal statistics:

num_allocs_failed_limit: 0.
num_arena_births: 198.
num_arena_deaths: 0.
num_vsnodes_births: 2.
num_vsnodes_deaths: 0.
num_space_committed: 105.
num_space_uncommitted: 0.
num_chunks_returned_to_freelist: 0.
num_chunks_taken_from_freelist: 326.
num_chunk_merges: 0.
num_chunk_splits: 212.
num_chunks_enlarged: 137.
num_inconsistent_stats: 0.

CodeHeap 'non-profiled nmethods': size=120000Kb used=580Kb max_used=580Kb free=119419Kb
 bounds [0x000002a05f1b0000, 0x000002a05f420000, 0x000002a0666e0000]
CodeHeap 'profiled nmethods': size=120000Kb used=2335Kb max_used=2335Kb free=117664Kb
 bounds [0x000002a0576e0000, 0x000002a057950000, 0x000002a05ec10000]
CodeHeap 'non-nmethods': size=5760Kb used=1216Kb max_used=1238Kb free=4543Kb
 bounds [0x000002a05ec10000, 0x000002a05ee80000, 0x000002a05f1b0000]
CodeCache: size=245760Kb, used=4131Kb, max_used=4153Kb, free=241626Kb
 total_blobs=1839, nmethods=1369, adapters=377, full_count=0
Compilation: enabled, stopped_count=0, restarted_count=0

Compilation events (20 events):
Event: 3.212 Thread 0x000002a06af8e4c0 1357       3       java.net.URI::quote (214 bytes)
Event: 3.214 Thread 0x000002a06af8e4c0 nmethod 1357 0x000002a057922410 code [0x000002a0579227c0, 0x000002a057923f08]
Event: 3.216 Thread 0x000002a06af8e4c0 1359       3       java.io.File::getAbsolutePath (8 bytes)
Event: 3.216 Thread 0x000002a06af8e4c0 nmethod 1359 0x000002a057924890 code [0x000002a057924a40, 0x000002a057924b90]
Event: 3.218 Thread 0x000002a06af8e4c0 1360       3       org.lombokweb.asm.ClassReader::readUnsignedShort (26 bytes)
Event: 3.218 Thread 0x000002a06af8e4c0 nmethod 1360 0x000002a057924c10 code [0x000002a057924dc0, 0x000002a057924f30]
Event: 3.219 Thread 0x000002a06af8e4c0 1361       3       org.lombokweb.asm.ClassReader::readUtf (44 bytes)
Event: 3.220 Thread 0x000002a06af8e4c0 nmethod 1361 0x000002a057925010 code [0x000002a0579251e0, 0x000002a0579255a8]
Event: 3.220 Thread 0x000002a06af8e4c0 1362       3       org.lombokweb.asm.ClassReader::readUtf (161 bytes)
Event: 3.220 Thread 0x000002a06af8e4c0 nmethod 1362 0x000002a057925790 code [0x000002a057925980, 0x000002a057925dd0]
Event: 3.220 Thread 0x000002a06af8e4c0 1363       3       org.lombokweb.asm.ClassReader::getItem (7 bytes)
Event: 3.220 Thread 0x000002a06af8e4c0 nmethod 1363 0x000002a057926090 code [0x000002a057926240, 0x000002a057926378]
Event: 3.220 Thread 0x000002a06af8e4c0 1364       3       org.lombokweb.asm.Symbol::<init> (38 bytes)
Event: 3.221 Thread 0x000002a06af8e4c0 nmethod 1364 0x000002a057926490 code [0x000002a057926640, 0x000002a057926800]
Event: 3.221 Thread 0x000002a06af8e4c0 1365       3       org.lombokweb.asm.SymbolTable::add (39 bytes)
Event: 3.221 Thread 0x000002a06af8e4c0 nmethod 1365 0x000002a057926910 code [0x000002a057926ac0, 0x000002a057926d80]
Event: 3.221 Thread 0x000002a06af8e4c0 1366       3       java.io.File::<init> (47 bytes)
Event: 3.221 Thread 0x000002a06af8e4c0 nmethod 1366 0x000002a057926f10 code [0x000002a0579270e0, 0x000002a057927410]
Event: 3.225 Thread 0x000002a06af8e4c0 1367       3       org.lombokweb.asm.ClassReader::readUTF8 (23 bytes)
Event: 3.226 Thread 0x000002a06af8e4c0 nmethod 1367 0x000002a057927590 code [0x000002a057927760, 0x000002a0579279a8]

GC Heap History (2 events):
Event: 2.347 GC heap before
{Heap before GC invocations=1 (full 0):
 PSYoungGen      total 29696K, used 25600K [0x00000000d5580000, 0x00000000d7680000, 0x0000000100000000)
  eden space 25600K, 100% used [0x00000000d5580000,0x00000000d6e80000,0x00000000d6e80000)
  from space 4096K, 0% used [0x00000000d7280000,0x00000000d7280000,0x00000000d7680000)
  to   space 4096K, 0% used [0x00000000d6e80000,0x00000000d6e80000,0x00000000d7280000)
 ParOldGen       total 68608K, used 0K [0x0000000080000000, 0x0000000084300000, 0x00000000d5580000)
  object space 68608K, 0% used [0x0000000080000000,0x0000000080000000,0x0000000084300000)
 Metaspace       used 4533K, committed 4736K, reserved 1114112K
  class space    used 495K, committed 576K, reserved 1048576K
}
Event: 2.357 GC heap after
{Heap after GC invocations=1 (full 0):
 PSYoungGen      total 29696K, used 3335K [0x00000000d5580000, 0x00000000d7680000, 0x0000000100000000)
  eden space 25600K, 0% used [0x00000000d5580000,0x00000000d5580000,0x00000000d6e80000)
  from space 4096K, 81% used [0x00000000d6e80000,0x00000000d71c1e98,0x00000000d7280000)
  to   space 4096K, 0% used [0x00000000d7280000,0x00000000d7280000,0x00000000d7680000)
 ParOldGen       total 68608K, used 8K [0x0000000080000000, 0x0000000084300000, 0x00000000d5580000)
  object space 68608K, 0% used [0x0000000080000000,0x0000000080002000,0x0000000084300000)
 Metaspace       used 4533K, committed 4736K, reserved 1114112K
  class space    used 495K, committed 576K, reserved 1048576K
}

Dll operation events (8 events):
Event: 0.132 Loaded shared library c:\Users\bruno\.vscode\extensions\redhat.java-1.55.0-win32-x64\jre\21.0.11-win32-x86_64\bin\java.dll
Event: 0.272 Loaded shared library c:\Users\bruno\.vscode\extensions\redhat.java-1.55.0-win32-x64\jre\21.0.11-win32-x86_64\bin\zip.dll
Event: 0.300 Loaded shared library C:\Users\bruno\.vscode\extensions\redhat.java-1.55.0-win32-x64\jre\21.0.11-win32-x86_64\bin\instrument.dll
Event: 0.354 Loaded shared library C:\Users\bruno\.vscode\extensions\redhat.java-1.55.0-win32-x64\jre\21.0.11-win32-x86_64\bin\net.dll
Event: 0.410 Loaded shared library C:\Users\bruno\.vscode\extensions\redhat.java-1.55.0-win32-x64\jre\21.0.11-win32-x86_64\bin\nio.dll
Event: 0.415 Loaded shared library C:\Users\bruno\.vscode\extensions\redhat.java-1.55.0-win32-x64\jre\21.0.11-win32-x86_64\bin\zip.dll
Event: 0.441 Loaded shared library C:\Users\bruno\.vscode\extensions\redhat.java-1.55.0-win32-x64\jre\21.0.11-win32-x86_64\bin\jimage.dll
Event: 0.660 Loaded shared library c:\Users\bruno\.vscode\extensions\redhat.java-1.55.0-win32-x64\jre\21.0.11-win32-x86_64\bin\verify.dll

Deoptimization events (20 events):
Event: 2.429 Thread 0x000002a052299800 DEOPT PACKING pc=0x000002a05f1f7b14 sp=0x000000cd546fe900
Event: 2.429 Thread 0x000002a052299800 DEOPT UNPACKING pc=0x000002a05ec66da2 sp=0x000000cd546fe848 mode 2
Event: 3.174 Thread 0x000002a052299800 Uncommon trap: trap_request=0xffffff54 fr.pc=0x000002a05f230f18 relative=0x0000000000000498
Event: 3.174 Thread 0x000002a052299800 Uncommon trap: reason=speculate_null_assert action=make_not_entrant pc=0x000002a05f230f18 method=lombok.patcher.ScriptManager$OurClassFileTransformer.transform(Ljava/lang/ClassLoader;Ljava/lang/String;Ljava/lang/Class;Ljava/security/ProtectionDomain;[B)[B
Event: 3.174 Thread 0x000002a052299800 DEOPT PACKING pc=0x000002a05f230f18 sp=0x000000cd546f8df0
Event: 3.174 Thread 0x000002a052299800 DEOPT UNPACKING pc=0x000002a05ec66da2 sp=0x000000cd546f8d60 mode 2
Event: 3.174 Thread 0x000002a052299800 Uncommon trap: trap_request=0xffffff45 fr.pc=0x000002a05f1fec48 relative=0x0000000000000fc8
Event: 3.174 Thread 0x000002a052299800 Uncommon trap: reason=unstable_if action=reinterpret pc=0x000002a05f1fec48 method=lombok.patcher.PatchScript.classMatches(Ljava/lang/String;Ljava/util/Collection;)Z @ 25 c2
Event: 3.174 Thread 0x000002a052299800 DEOPT PACKING pc=0x000002a05f1fec48 sp=0x000000cd546f8ce0
Event: 3.174 Thread 0x000002a052299800 DEOPT UNPACKING pc=0x000002a05ec66da2 sp=0x000000cd546f8c68 mode 2
Event: 3.176 Thread 0x000002a052299800 DEOPT PACKING pc=0x000002a05777ba0d sp=0x000000cd546f8150
Event: 3.176 Thread 0x000002a052299800 DEOPT UNPACKING pc=0x000002a05ec678e2 sp=0x000000cd546f7600 mode 0
Event: 3.196 Thread 0x000002a052299800 DEOPT PACKING pc=0x000002a05777ba0d sp=0x000000cd546f4600
Event: 3.196 Thread 0x000002a052299800 DEOPT UNPACKING pc=0x000002a05ec678e2 sp=0x000000cd546f3ab0 mode 0
Event: 3.201 Thread 0x000002a052299800 DEOPT PACKING pc=0x000002a05777ba0d sp=0x000000cd546f4600
Event: 3.201 Thread 0x000002a052299800 DEOPT UNPACKING pc=0x000002a05ec678e2 sp=0x000000cd546f3ab0 mode 0
Event: 3.208 Thread 0x000002a052299800 DEOPT PACKING pc=0x000002a05777ba0d sp=0x000000cd546f8060
Event: 3.208 Thread 0x000002a052299800 DEOPT UNPACKING pc=0x000002a05ec678e2 sp=0x000000cd546f7510 mode 0
Event: 3.221 Thread 0x000002a052299800 DEOPT PACKING pc=0x000002a05777ba0d sp=0x000000cd546f8020
Event: 3.221 Thread 0x000002a052299800 DEOPT UNPACKING pc=0x000002a05ec678e2 sp=0x000000cd546f74d0 mode 0

Classes loaded (20 events):
Event: 2.905 Loading class java/util/concurrent/RejectedExecutionHandler
Event: 2.905 Loading class java/util/concurrent/RejectedExecutionHandler done
Event: 2.905 Loading class java/util/concurrent/LinkedBlockingQueue
Event: 2.905 Loading class java/util/concurrent/LinkedBlockingQueue done
Event: 2.905 Loading class java/util/concurrent/LinkedBlockingQueue$Node
Event: 2.905 Loading class java/util/concurrent/LinkedBlockingQueue$Node done
Event: 2.919 Loading class java/util/concurrent/Semaphore$NonfairSync
Event: 2.919 Loading class java/util/concurrent/Semaphore$Sync
Event: 2.919 Loading class java/util/concurrent/Semaphore$Sync done
Event: 2.919 Loading class java/util/concurrent/Semaphore$NonfairSync done
Event: 2.938 Loading class java/lang/reflect/TypeVariable
Event: 2.938 Loading class java/lang/reflect/TypeVariable done
Event: 2.938 Loading class java/lang/InstantiationException
Event: 2.938 Loading class java/lang/InstantiationException done
Event: 2.938 Loading class java/lang/reflect/AnnotatedType
Event: 2.938 Loading class java/lang/reflect/AnnotatedType done
Event: 3.027 Loading class java/util/ComparableTimSort
Event: 3.027 Loading class java/util/ComparableTimSort done
Event: 3.185 Loading class java/lang/TypeNotPresentException
Event: 3.185 Loading class java/lang/TypeNotPresentException done

Classes unloaded (0 events):
No events

Classes redefined (0 events):
No events

Internal exceptions (20 events):
Event: 1.447 Thread 0x000002a052299800 Exception <a 'java/io/FileNotFoundException'{0x00000000d64c57e8}> (0x00000000d64c57e8) 
thrown [s\src\hotspot\share\prims\jni.cpp, line 520]
Event: 1.458 Thread 0x000002a052299800 Implicit null exception at 0x000002a05f1e1fa4 to 0x000002a05f1e25a4
Event: 1.458 Thread 0x000002a052299800 Implicit null exception at 0x000002a05f1e2c20 to 0x000002a05f1e3218
Event: 1.462 Thread 0x000002a052299800 Exception <a 'java/io/FileNotFoundException'{0x00000000d64fdc70}> (0x00000000d64fdc70) 
thrown [s\src\hotspot\share\prims\jni.cpp, line 520]
Event: 1.473 Thread 0x000002a052299800 Exception <a 'java/lang/NoSuchMethodError'{0x00000000d6536f08}: 'java.lang.Object java.lang.invoke.DirectMethodHandle$Holder.invokeInterface(java.lang.Object, java.lang.Object)'> (0x00000000d6536f08) 
thrown [s\src\hotspot\share\interpreter\linkResolver.cpp, line 773]
Event: 1.477 Thread 0x000002a052299800 Exception <a 'java/lang/NoSuchMethodError'{0x00000000d654a548}: 'java.lang.Object java.lang.invoke.Invokers$Holder.invokeExact_MT(java.lang.Object, java.lang.Object, java.lang.Object, java.lang.Object, java.lang.Object, java.lang.Object)'> (0x00000000d654a548) 
thrown [s\src\hotspot\share\interpreter\linkResolver.cpp, line 773]
Event: 1.500 Thread 0x000002a052299800 Exception <a 'java/lang/NoSuchMethodError'{0x00000000d6561620}: 'int java.lang.invoke.DirectMethodHandle$Holder.invokeStatic(java.lang.Object, java.lang.Object, java.lang.Object, java.lang.Object, java.lang.Object)'> (0x00000000d6561620) 
thrown [s\src\hotspot\share\interpreter\linkResolver.cpp, line 773]
Event: 1.555 Thread 0x000002a052299800 Exception <a 'java/lang/NoSuchMethodError'{0x00000000d65f4d80}: 'java.lang.Object java.lang.invoke.DirectMethodHandle$Holder.invokeInterface(java.lang.Object, java.lang.Object, int)'> (0x00000000d65f4d80) 
thrown [s\src\hotspot\share\interpreter\linkResolver.cpp, line 773]
Event: 1.689 Thread 0x000002a052299800 Exception <a 'sun/nio/fs/WindowsException'{0x00000000d663af10}> (0x00000000d663af10) 
thrown [s\src\hotspot\share\prims\jni.cpp, line 520]
Event: 1.706 Thread 0x000002a052299800 Exception <a 'sun/nio/fs/WindowsException'{0x00000000d66402b8}> (0x00000000d66402b8) 
thrown [s\src\hotspot\share\prims\jni.cpp, line 520]
Event: 2.171 Thread 0x000002a052299800 Exception <a 'java/lang/NoSuchMethodError'{0x00000000d6aa5d98}: 'java.lang.ClassLoader java.lang.ClassLoader.getPlatformClassLoader(java.lang.Class)'> (0x00000000d6aa5d98) 
thrown [s\src\hotspot\share\interpreter\linkResolver.cpp, line 773]
Event: 2.371 Thread 0x000002a052299800 Exception <a 'java/lang/ClassNotFoundException'{0x00000000d55c5730}: sun/net/www/protocol/c/Handler> (0x00000000d55c5730) 
thrown [s\src\hotspot\share\classfile\systemDictionary.cpp, line 313]
Event: 2.371 Thread 0x000002a052299800 Exception <a 'java/lang/ClassNotFoundException'{0x00000000d55c6ad8}: sun/net/www/protocol/c/Handler> (0x00000000d55c6ad8) 
thrown [s\src\hotspot\share\classfile\systemDictionary.cpp, line 313]
Event: 2.372 Thread 0x000002a052299800 Exception <a 'java/lang/ClassNotFoundException'{0x00000000d55c7cc0}: sun/net/www/protocol/c/Handler> (0x00000000d55c7cc0) 
thrown [s\src\hotspot\share\classfile\systemDictionary.cpp, line 313]
Event: 2.382 Thread 0x000002a052299800 Exception <a 'java/io/FileNotFoundException'{0x00000000d55ef928}> (0x00000000d55ef928) 
thrown [s\src\hotspot\share\prims\jni.cpp, line 520]
Event: 2.426 Thread 0x000002a052299800 Implicit null exception at 0x000002a05f210a49 to 0x000002a05f2113d8
Event: 2.427 Thread 0x000002a052299800 Implicit null exception at 0x000002a05f220a1a to 0x000002a05f220c20
Event: 2.427 Thread 0x000002a052299800 Exception <a 'java/lang/NoSuchMethodError'{0x00000000d5721d90}: 'void java.lang.invoke.DirectMethodHandle$Holder.invokeStatic(java.lang.Object, java.lang.Object, java.lang.Object, java.lang.Object)'> (0x00000000d5721d90) 
thrown [s\src\hotspot\share\interpreter\linkResolver.cpp, line 773]
Event: 2.429 Thread 0x000002a052299800 Implicit null exception at 0x000002a05f213fbc to 0x000002a05f214248
Event: 2.946 Thread 0x000002a052299800 Exception <a 'java/lang/NoSuchMethodError'{0x00000000d5b63b58}: 'int java.lang.invoke.DirectMethodHandle$Holder.invokeVirtual(java.lang.Object, java.lang.Object)'> (0x00000000d5b63b58) 
thrown [s\src\hotspot\share\interpreter\linkResolver.cpp, line 773]

ZGC Phase Switch (0 events):
No events

VM Operations (16 events):
Event: 0.225 Executing non-safepoint VM operation: HandshakeAllThreads (Deoptimize)
Event: 0.225 Executing non-safepoint VM operation: HandshakeAllThreads (Deoptimize) done
Event: 0.455 Executing non-safepoint VM operation: HandshakeAllThreads (Deoptimize)
Event: 0.455 Executing non-safepoint VM operation: HandshakeAllThreads (Deoptimize) done
Event: 1.233 Executing non-safepoint VM operation: HandshakeAllThreads (Deoptimize)
Event: 1.233 Executing non-safepoint VM operation: HandshakeAllThreads (Deoptimize) done
Event: 1.233 Executing safepoint VM operation: Cleanup
Event: 1.233 Executing safepoint VM operation: Cleanup done
Event: 1.254 Executing non-safepoint VM operation: HandshakeAllThreads (Deoptimize)
Event: 1.254 Executing non-safepoint VM operation: HandshakeAllThreads (Deoptimize) done
Event: 2.261 Executing safepoint VM operation: Cleanup
Event: 2.261 Executing safepoint VM operation: Cleanup done
Event: 2.264 Executing non-safepoint VM operation: HandshakeAllThreads (Deoptimize)
Event: 2.264 Executing non-safepoint VM operation: HandshakeAllThreads (Deoptimize) done
Event: 2.347 Executing safepoint VM operation: ParallelGCFailedAllocation (Allocation Failure)
Event: 2.357 Executing safepoint VM operation: ParallelGCFailedAllocation (Allocation Failure) done

Memory protections (0 events):
No events

Nmethod flushes (0 events):
No events

Events (19 events):
Event: 0.162 Thread 0x000002a052299800 Thread added: 0x000002a052299800
Event: 0.179 Thread 0x000002a052299800 Thread added: 0x000002a06af4c7f0
Event: 0.179 Thread 0x000002a052299800 Thread added: 0x000002a06af4f920
Event: 0.180 Thread 0x000002a052299800 Thread added: 0x000002a06af55110
Event: 0.180 Thread 0x000002a052299800 Thread added: 0x000002a06af57b80
Event: 0.180 Thread 0x000002a052299800 Thread added: 0x000002a06af5bb50
Event: 0.180 Thread 0x000002a052299800 Thread added: 0x000002a06af5c5b0
Event: 0.180 Thread 0x000002a052299800 Thread added: 0x000002a06af5f800
Event: 0.182 Thread 0x000002a052299800 Thread added: 0x000002a06af8e4c0
Event: 0.284 Thread 0x000002a06af8e4c0 Thread added: 0x000002a06c9decf0
Event: 0.303 Thread 0x000002a052299800 Thread added: 0x000002a06ca8b0a0
Event: 0.412 Thread 0x000002a06c9decf0 Thread exited: 0x000002a06c9decf0
Event: 0.522 Thread 0x000002a06af8e4c0 Thread added: 0x000002a06cad4a90
Event: 0.690 Thread 0x000002a06cad4a90 Thread exited: 0x000002a06cad4a90
Event: 0.832 Thread 0x000002a052299800 Thread added: 0x000002a06cb64fa0
Event: 0.994 Thread 0x000002a06af8e4c0 Thread added: 0x000002a06cb295a0
Event: 1.689 Thread 0x000002a06cb295a0 Thread exited: 0x000002a06cb295a0
Event: 3.150 Thread 0x000002a06af8e4c0 Thread added: 0x000002a07159cde0
Event: 3.150 Thread 0x000002a06af8e4c0 Thread added: 0x000002a07159d490


Dynamic libraries:
0x00007ff6ee600000 - 0x00007ff6ee60e000 	c:\Users\bruno\.vscode\extensions\redhat.java-1.55.0-win32-x64\jre\21.0.11-win32-x86_64\bin\java.exe
0x00007fff44d20000 - 0x00007fff44f86000 	C:\WINDOWS\SYSTEM32\ntdll.dll
0x00007fff43be0000 - 0x00007fff43ca9000 	C:\WINDOWS\System32\KERNEL32.DLL
0x00007fff42530000 - 0x00007fff4292a000 	C:\WINDOWS\System32\KERNELBASE.dll
0x00007fff42320000 - 0x00007fff4246c000 	C:\WINDOWS\System32\ucrtbase.dll
0x00007fff066f0000 - 0x00007fff0670e000 	c:\Users\bruno\.vscode\extensions\redhat.java-1.55.0-win32-x64\jre\21.0.11-win32-x86_64\bin\VCRUNTIME140.dll
0x00007ffefa9d0000 - 0x00007ffefa9e8000 	c:\Users\bruno\.vscode\extensions\redhat.java-1.55.0-win32-x64\jre\21.0.11-win32-x86_64\bin\jli.dll
0x00007fff43660000 - 0x00007fff43827000 	C:\WINDOWS\System32\USER32.dll
0x00007fff42500000 - 0x00007fff42527000 	C:\WINDOWS\System32\win32u.dll
0x00007fff44b30000 - 0x00007fff44b5b000 	C:\WINDOWS\System32\GDI32.dll
0x00007fff41fb0000 - 0x00007fff420db000 	C:\WINDOWS\System32\gdi32full.dll
0x00007fff429e0000 - 0x00007fff42a83000 	C:\WINDOWS\System32\msvcp_win.dll
0x00007fff25c10000 - 0x00007fff25ea2000 	C:\WINDOWS\WinSxS\amd64_microsoft.windows.common-controls_6595b64144ccf1df_6.0.26100.8521_none_3e08b75ce33403b3\COMCTL32.dll
0x00007fff43b30000 - 0x00007fff43bd9000 	C:\WINDOWS\System32\msvcrt.dll
0x00007fff42c60000 - 0x00007fff42c92000 	C:\WINDOWS\System32\IMM32.DLL
0x00007fff127c0000 - 0x00007fff127cc000 	c:\Users\bruno\.vscode\extensions\redhat.java-1.55.0-win32-x64\jre\21.0.11-win32-x86_64\bin\vcruntime140_1.dll
0x00007ffee07e0000 - 0x00007ffee086d000 	c:\Users\bruno\.vscode\extensions\redhat.java-1.55.0-win32-x64\jre\21.0.11-win32-x86_64\bin\msvcp140.dll
0x00007ffea49b0000 - 0x00007ffea5752000 	c:\Users\bruno\.vscode\extensions\redhat.java-1.55.0-win32-x64\jre\21.0.11-win32-x86_64\bin\server\jvm.dll
0x00007fff43350000 - 0x00007fff43406000 	C:\WINDOWS\System32\ADVAPI32.dll
0x00007fff42ca0000 - 0x00007fff42d4a000 	C:\WINDOWS\System32\sechost.dll
0x00007fff42b10000 - 0x00007fff42c28000 	C:\WINDOWS\System32\RPCRT4.dll
0x00007fff42de0000 - 0x00007fff42e60000 	C:\WINDOWS\System32\WS2_32.dll
0x00007fff41e10000 - 0x00007fff41e6e000 	C:\WINDOWS\SYSTEM32\POWRPROF.dll
0x00007fff38f00000 - 0x00007fff38f36000 	C:\WINDOWS\SYSTEM32\WINMM.dll
0x00007fff38d90000 - 0x00007fff38d9b000 	C:\WINDOWS\SYSTEM32\VERSION.dll
0x00007fff41df0000 - 0x00007fff41e04000 	C:\WINDOWS\SYSTEM32\UMPDC.dll
0x00007fff40d40000 - 0x00007fff40d5b000 	C:\WINDOWS\SYSTEM32\kernel.appcore.dll
0x00007fff07820000 - 0x00007fff0782a000 	c:\Users\bruno\.vscode\extensions\redhat.java-1.55.0-win32-x64\jre\21.0.11-win32-x86_64\bin\jimage.dll
0x00007fff3f5c0000 - 0x00007fff3f802000 	C:\WINDOWS\SYSTEM32\DBGHELP.DLL
0x00007fff42e70000 - 0x00007fff431f3000 	C:\WINDOWS\System32\combase.dll
0x00007fff43270000 - 0x00007fff43349000 	C:\WINDOWS\System32\OLEAUT32.dll
0x00007fff21160000 - 0x00007fff2119b000 	C:\WINDOWS\SYSTEM32\dbgcore.DLL
0x00007fff42930000 - 0x00007fff429d8000 	C:\WINDOWS\System32\bcryptPrimitives.dll
0x00007fff060b0000 - 0x00007fff060bf000 	c:\Users\bruno\.vscode\extensions\redhat.java-1.55.0-win32-x64\jre\21.0.11-win32-x86_64\bin\instrument.dll
0x00007ffefa9b0000 - 0x00007ffefa9d0000 	c:\Users\bruno\.vscode\extensions\redhat.java-1.55.0-win32-x64\jre\21.0.11-win32-x86_64\bin\java.dll
0x00007fff443a0000 - 0x00007fff44b24000 	C:\WINDOWS\System32\SHELL32.dll
0x00007fff3fb50000 - 0x00007fff403d0000 	C:\WINDOWS\SYSTEM32\windows.storage.dll
0x00007fff44be0000 - 0x00007fff44cd6000 	C:\WINDOWS\System32\SHCORE.dll
0x00007fff43410000 - 0x00007fff43477000 	C:\WINDOWS\System32\shlwapi.dll
0x00007fff41ed0000 - 0x00007fff41ef9000 	C:\WINDOWS\SYSTEM32\profapi.dll
0x00007ffefa990000 - 0x00007ffefa9a8000 	c:\Users\bruno\.vscode\extensions\redhat.java-1.55.0-win32-x64\jre\21.0.11-win32-x86_64\bin\zip.dll
0x00007fff04e80000 - 0x00007fff04e90000 	C:\Users\bruno\.vscode\extensions\redhat.java-1.55.0-win32-x64\jre\21.0.11-win32-x86_64\bin\net.dll
0x00007fff33e30000 - 0x00007fff33f59000 	C:\WINDOWS\SYSTEM32\WINHTTP.dll
0x00007fff412b0000 - 0x00007fff4131c000 	C:\WINDOWS\system32\mswsock.dll
0x00007ffefa970000 - 0x00007ffefa986000 	C:\Users\bruno\.vscode\extensions\redhat.java-1.55.0-win32-x64\jre\21.0.11-win32-x86_64\bin\nio.dll
0x00007fff03930000 - 0x00007fff03940000 	c:\Users\bruno\.vscode\extensions\redhat.java-1.55.0-win32-x64\jre\21.0.11-win32-x86_64\bin\verify.dll

JVMTI agents:
c:\Users\bruno\.vscode\extensions\redhat.java-1.55.0-win32-x64\lombok\lombok-1.18.39-4050.jar path:c:\Users\bruno\.vscode\extensions\redhat.java-1.55.0-win32-x64\jre\21.0.11-win32-x86_64\bin\instrument.dll, loaded, initialized, instrumentlib options:none

dbghelp: loaded successfully - version: 4.0.5 - missing functions: none
symbol engine: initialized successfully - sym options: 0x614 - pdb path: .;c:\Users\bruno\.vscode\extensions\redhat.java-1.55.0-win32-x64\jre\21.0.11-win32-x86_64\bin;C:\WINDOWS\SYSTEM32;C:\WINDOWS\WinSxS\amd64_microsoft.windows.common-controls_6595b64144ccf1df_6.0.26100.8521_none_3e08b75ce33403b3;c:\Users\bruno\.vscode\extensions\redhat.java-1.55.0-win32-x64\jre\21.0.11-win32-x86_64\bin\server

VM Arguments:
jvm_args: --add-modules=ALL-SYSTEM --add-opens=java.base/java.util=ALL-UNNAMED --add-opens=java.base/java.lang=ALL-UNNAMED --add-opens=java.base/sun.nio.fs=ALL-UNNAMED -Declipse.application=org.eclipse.jdt.ls.core.id1 -Dosgi.bundles.defaultStartLevel=4 -Declipse.product=org.eclipse.jdt.ls.core.product -Djava.import.generatesMetadataFilesAtProjectRoot=false -DDetectVMInstallationsJob.disabled=true -Dfile.encoding=utf8 -XX:+UseParallelGC -XX:GCTimeRatio=4 -XX:AdaptiveSizePolicyWeight=90 -Dsun.zip.disableMemoryMapping=true -Xmx2G -Xms100m -Xlog:disable -javaagent:c:\Users\bruno\.vscode\extensions\redhat.java-1.55.0-win32-x64\lombok\lombok-1.18.39-4050.jar 
java_command: c:\Users\bruno\.vscode\extensions\redhat.java-1.55.0-win32-x64\server\plugins\org.eclipse.equinox.launcher_1.7.200.v20260619-2039.jar -configuration c:\Users\bruno\AppData\Roaming\Code\User\globalStorage\redhat.java\1.55.0\config_ss_win -data c:\Users\bruno\AppData\Roaming\Code\User\workspaceStorage\7a2d020932557ee57ef882c2d2f97887\redhat.java\ss_ws --pipe=\\.\pipe\lsp-92a1b5293c8c208e699fae74b4341265-sock
java_class_path (initial): c:\Users\bruno\.vscode\extensions\redhat.java-1.55.0-win32-x64\server\plugins\org.eclipse.equinox.launcher_1.7.200.v20260619-2039.jar
Launcher Type: SUN_STANDARD

[Global flags]
    uintx AdaptiveSizePolicyWeight                 = 90                                        {product} {command line}
     intx CICompilerCount                          = 4                                         {product} {ergonomic}
    uintx GCTimeRatio                              = 4                                         {product} {command line}
   size_t InitialHeapSize                          = 104857600                                 {product} {command line}
   size_t MaxHeapSize                              = 2147483648                                {product} {command line}
   size_t MaxNewSize                               = 715653120                                 {product} {ergonomic}
   size_t MinHeapDeltaBytes                        = 524288                                    {product} {ergonomic}
   size_t MinHeapSize                              = 104857600                                 {product} {command line}
   size_t NewSize                                  = 34603008                                  {product} {ergonomic}
    uintx NonNMethodCodeHeapSize                   = 5839372                                {pd product} {ergonomic}
    uintx NonProfiledCodeHeapSize                  = 122909434                              {pd product} {ergonomic}
   size_t OldSize                                  = 70254592                                  {product} {ergonomic}
    uintx ProfiledCodeHeapSize                     = 122909434                              {pd product} {ergonomic}
    uintx ReservedCodeCacheSize                    = 251658240                              {pd product} {ergonomic}
     bool SegmentedCodeCache                       = true                                      {product} {ergonomic}
   size_t SoftMaxHeapSize                          = 2147483648                             {manageable} {ergonomic}
     bool UseCompressedOops                        = true                           {product lp64_product} {ergonomic}
     bool UseLargePagesIndividualAllocation        = false                                  {pd product} {ergonomic}
     bool UseParallelGC                            = true                                      {product} {command line}

Logging:
Log output configuration:
 #0: stdout all=off uptime,level,tags foldmultilines=false
 #1: stderr all=off uptime,level,tags foldmultilines=false

Release file:
JAVA_VERSION="21.0.11" 
MODULES="java.base java.compiler java.datatransfer java.xml java.prefs java.desktop java.instrument java.logging java.management java.security.sasl java.naming java.rmi java.management.rmi java.net.http java.scripting java.security.jgss java.transaction.xa java.sql java.sql.rowset java.xml.crypto java.se java.smartcardio jdk.accessibility jdk.internal.jvmstat jdk.attach jdk.charsets jdk.internal.opt jdk.zipfs jdk.compiler jdk.crypto.ec jdk.crypto.cryptoki jdk.crypto.mscapi jdk.dynalink jdk.internal.ed jdk.editpad jdk.hotspot.agent jdk.httpserver jdk.internal.le jdk.internal.vm.ci jdk.internal.vm.compiler jdk.internal.vm.compiler.management jdk.jartool jdk.javadoc jdk.jcmd jdk.management jdk.management.agent jdk.jconsole jdk.jdeps jdk.jdwp.agent jdk.jdi jdk.jfr jdk.jshell jdk.jsobject jdk.jstatd jdk.localedata jdk.management.jfr jdk.naming.dns jdk.naming.rmi jdk.net jdk.nio.mapmode jdk.random jdk.sctp jdk.security.auth jdk.security.jgss jdk.unsupported jdk.unsupported.desktop jdk.xml.dom" 

Environment Variables:
PATH=C:\Python313\Scripts\;C:\Python313\;C:\Program Files\Common Files\Oracle\Java\javapath;C:\Program Files (x86)\Common Files\Oracle\Java\java8path;C:\Program Files (x86)\Common Files\Oracle\Java\javapath;C:\Program Files (x86)\NVIDIA Corporation\PhysX\Common;C:\WINDOWS\system32;C:\WINDOWS;C:\WINDOWS\System32\Wbem;C:\WINDOWS\System32\WindowsPowerShell\v1.0\;C:\WINDOWS\System32\OpenSSH\;C:\Program Files\dotnet\;C:\ProgramData\UNIVALI\Portugol Studio;C:\Program Files\Git\cmd;C:\Program Files\nodejs\;C:\ProgramData\chocolatey\bin;C:\Users\bruno\AppData\Local\Microsoft\WindowsApps;C:\Users\bruno\AppData\Local\Programs\Microsoft VS Code\bin;C:\Program Files\Java\jdk-24\bin;C:\Users\bruno\AppData\Roaming\npm;C:\Program Files (x86)\Nmap
USERNAME=bruno
OS=Windows_NT
PROCESSOR_IDENTIFIER=Intel64 Family 6 Model 140 Stepping 1, GenuineIntel
TMP=C:\Users\bruno\AppData\Local\Temp
TEMP=C:\Users\bruno\AppData\Local\Temp




Periodic native trim disabled

---------------  S Y S T E M  ---------------

OS:
 Windows 11 , 64 bit Build 26100 (10.0.26100.8521)
OS uptime: 17 days 1:00 hours
Hyper-V role detected

CPU: total 8 (initial active 8) (4 cores per cpu, 2 threads per core) family 6 model 140 stepping 1 microcode 0xbe, cx8, cmov, fxsr, ht, mmx, 3dnowpref, sse, sse2, sse3, ssse3, sse4.1, sse4.2, popcnt, lzcnt, tsc, tscinvbit, avx, avx2, aes, erms, clmul, bmi1, bmi2, adx, avx512f, avx512dq, avx512cd, avx512bw, avx512vl, sha, fma, vzeroupper, avx512_vpopcntdq, avx512_vpclmulqdq, avx512_vaes, avx512_vnni, clflush, clflushopt, clwb, avx512_vbmi2, avx512_vbmi, hv, rdtscp, rdpid, fsrm, gfni, avx512_bitalg, f16c, cet_ibt, cet_ss, avx512_ifma
Processor Information for the first 8 processors :
  Max Mhz: 2803, Current Mhz: 2803, Mhz Limit: 2803

Memory: 4k page, system-wide physical 16106M (4022M free)
TotalPageFile size 36645M (AvailPageFile size 3M)
current process WorkingSet (physical memory assigned to process): 89M, peak: 92M
current process commit charge ("private bytes"): 240M, peak: 243M

vm_info: OpenJDK 64-Bit Server VM (21.0.11+10-LTS) for windows-amd64 JRE (21.0.11+10-LTS), built on 2026-04-21T00:00:00Z by "admin" with MS VC++ 17.12 (VS2022)

END.
