#
# There is insufficient memory for the Java Runtime Environment to continue.
# Native memory allocation (mmap) failed to map 65536 bytes. Error detail: Failed to commit metaspace.
# Possible reasons:
#   The system is out of physical RAM or swap space
#   This process is running with CompressedOops enabled, and the Java Heap may be blocking the growth of the native heap
# Possible solutions:
#   Reduce memory load on the system
#   Increase physical memory or swap space
#   Check if swap backing store is full
#   Decrease Java heap size (-Xmx/-Xms)
#   Decrease number of Java threads
#   Decrease Java thread stack sizes (-Xss)
#   Set larger code cache with -XX:ReservedCodeCacheSize=
#   JVM is running with Unscaled Compressed Oops mode in which the Java heap is
#     placed in the first 4GB address space. The Java Heap base address is the
#     maximum limit for the native heap growth. Please use -XX:HeapBaseMinAddress
#     to set the Java Heap base and to place the Java Heap above 4GB virtual address.
# This output file may be truncated or incomplete.
#
#  Out of Memory Error (virtualSpaceNode.cpp:113), pid=24264, tid=14148
#
# JRE version: OpenJDK Runtime Environment Temurin-21.0.11+10 (21.0.11+10) (build 21.0.11+10-LTS)
# Java VM: OpenJDK 64-Bit Server VM Temurin-21.0.11+10 (21.0.11+10-LTS, mixed mode, sharing, tiered, compressed oops, compressed class ptrs, parallel gc, windows-amd64)
# No core dump will be written. Minidumps are not enabled by default on client versions of Windows
#

---------------  S U M M A R Y ------------

Command Line: --add-modules=ALL-SYSTEM --add-opens=java.base/java.util=ALL-UNNAMED --add-opens=java.base/java.lang=ALL-UNNAMED --add-opens=java.base/sun.nio.fs=ALL-UNNAMED -Declipse.application=org.eclipse.jdt.ls.core.id1 -Dosgi.bundles.defaultStartLevel=4 -Declipse.product=org.eclipse.jdt.ls.core.product -Djava.import.generatesMetadataFilesAtProjectRoot=false -DDetectVMInstallationsJob.disabled=true -Dfile.encoding=utf8 -XX:+UseParallelGC -XX:GCTimeRatio=4 -XX:AdaptiveSizePolicyWeight=90 -Dsun.zip.disableMemoryMapping=true -Xmx2G -Xms100m -Xlog:disable -javaagent:c:\Users\bruno\.vscode\extensions\redhat.java-1.55.0-win32-x64\lombok\lombok-1.18.39-4050.jar -XX:+HeapDumpOnOutOfMemoryError -XX:HeapDumpPath=c:\Users\bruno\AppData\Roaming\Code\User\workspaceStorage\7a2d020932557ee57ef882c2d2f97887\redhat.java -Daether.dependencyCollector.impl=bf c:\Users\bruno\.vscode\extensions\redhat.java-1.55.0-win32-x64\server\plugins\org.eclipse.equinox.launcher_1.7.200.v20260619-2039.jar -configuration c:\Users\bruno\AppData\Roaming\Code\User\globalStorage\redhat.java\1.55.0\config_win -data c:\Users\bruno\AppData\Roaming\Code\User\workspaceStorage\7a2d020932557ee57ef882c2d2f97887\redhat.java\jdt_ws --pipe=\\.\pipe\lsp-2a394f8c9eb47efc3e66a2e9503efce2-sock

Host: 11th Gen Intel(R) Core(TM) i7-1165G7 @ 2.80GHz, 8 cores, 15G,  Windows 11 , 64 bit Build 26100 (10.0.26100.8521)
Time: Mon Jun 29 22:01:52 2026 Hora oficial do Brasil elapsed time: 3.263769 seconds (0d 0h 0m 3s)

---------------  T H R E A D  ---------------

Current thread (0x000001bc57f07a90):  JavaThread "C1 CompilerThread0" daemon [_thread_in_vm, id=14148, stack(0x0000002cb0400000,0x0000002cb0500000) (1024K)]


Current CompileTask:
C1:3265 1446       3       jdk.internal.loader.URLClassPath$JarLoader$2::<init> (31 bytes)

Stack: [0x0000002cb0400000,0x0000002cb0500000]
Native frames: (J=compiled Java code, j=interpreted, Vv=VM code, C=native code)
V  [jvm.dll+0x6d7e19]
V  [jvm.dll+0x8b5096]
V  [jvm.dll+0x8b764e]
V  [jvm.dll+0x8b7d33]
V  [jvm.dll+0x284596]
V  [jvm.dll+0x8b0dde]
V  [jvm.dll+0x6795e4]
V  [jvm.dll+0x67964a]
V  [jvm.dll+0x67be46]
V  [jvm.dll+0x67bd12]
V  [jvm.dll+0x679fbe]
V  [jvm.dll+0x68b3ca]
V  [jvm.dll+0x684542]
V  [jvm.dll+0x1f6540]
V  [jvm.dll+0x1f6728]
V  [jvm.dll+0x1693fe]
V  [jvm.dll+0x169246]
V  [jvm.dll+0x160e10]
V  [jvm.dll+0x1630ad]
V  [jvm.dll+0x1616b6]
V  [jvm.dll+0x15b3f7]
V  [jvm.dll+0x16aec8]
V  [jvm.dll+0x1569e5]
V  [jvm.dll+0x156d32]
V  [jvm.dll+0x156fe4]
V  [jvm.dll+0x1563fc]
V  [jvm.dll+0x15818d]
V  [jvm.dll+0x25baad]
V  [jvm.dll+0x25a03a]
V  [jvm.dll+0x3f868e]
V  [jvm.dll+0x85fb0d]
V  [jvm.dll+0x6d664d]
C  [ucrtbase.dll+0x2cd30]
C  [KERNEL32.DLL+0x2e957]
C  [ntdll.dll+0x87c1c]


---------------  P R O C E S S  ---------------

Threads class SMR info:
_java_thread_list=0x000001bc70cad720, length=11, elements={
0x000001bc57f6ca30, 0x000001bc57edbf90, 0x000001bc57edfb90, 0x000001bc57ee8100,
0x000001bc57ee9370, 0x000001bc57eec1e0, 0x000001bc57eeda00, 0x000001bc57ef2990,
0x000001bc57f07a90, 0x000001bc7038de30, 0x000001bc704cbab0
}

Java Threads: ( => current thread )
  0x000001bc57f6ca30 JavaThread "main"                              [_thread_in_vm, id=24176, stack(0x0000002caf900000,0x0000002cafa00000) (1024K)]
  0x000001bc57edbf90 JavaThread "Reference Handler"          daemon [_thread_blocked, id=21868, stack(0x0000002cafd00000,0x0000002cafe00000) (1024K)]
  0x000001bc57edfb90 JavaThread "Finalizer"                  daemon [_thread_blocked, id=24448, stack(0x0000002cafe00000,0x0000002caff00000) (1024K)]
  0x000001bc57ee8100 JavaThread "Signal Dispatcher"          daemon [_thread_blocked, id=2352, stack(0x0000002caff00000,0x0000002cb0000000) (1024K)]
  0x000001bc57ee9370 JavaThread "Attach Listener"            daemon [_thread_blocked, id=16596, stack(0x0000002cb0000000,0x0000002cb0100000) (1024K)]
  0x000001bc57eec1e0 JavaThread "Service Thread"             daemon [_thread_blocked, id=23640, stack(0x0000002cb0100000,0x0000002cb0200000) (1024K)]
  0x000001bc57eeda00 JavaThread "Monitor Deflation Thread"   daemon [_thread_blocked, id=9060, stack(0x0000002cb0200000,0x0000002cb0300000) (1024K)]
  0x000001bc57ef2990 JavaThread "C2 CompilerThread0"         daemon [_thread_in_native, id=10256, stack(0x0000002cb0300000,0x0000002cb0400000) (1024K)]
=>0x000001bc57f07a90 JavaThread "C1 CompilerThread0"         daemon [_thread_in_vm, id=14148, stack(0x0000002cb0400000,0x0000002cb0500000) (1024K)]
  0x000001bc7038de30 JavaThread "Common-Cleaner"             daemon [_thread_blocked, id=15816, stack(0x0000002cb0600000,0x0000002cb0700000) (1024K)]
  0x000001bc704cbab0 JavaThread "Notification Thread"        daemon [_thread_blocked, id=16856, stack(0x0000002cb0500000,0x0000002cb0600000) (1024K)]
Total: 11

Other Threads:
  0x000001bc57ec25f0 VMThread "VM Thread"                           [id=25256, stack(0x0000002cafc00000,0x0000002cafd00000) (1024K)]
  0x000001bc57dfc950 WatcherThread "VM Periodic Task Thread"        [id=23600, stack(0x0000002cafb00000,0x0000002cafc00000) (1024K)]
  0x000001bc57f8b250 WorkerThread "GC Thread#0"                     [id=22784, stack(0x0000002cafa00000,0x0000002cafb00000) (1024K)]
  0x000001bc704feac0 WorkerThread "GC Thread#1"                     [id=29980, stack(0x0000002cb0800000,0x0000002cb0900000) (1024K)]
  0x000001bc70a25e20 WorkerThread "GC Thread#2"                     [id=14424, stack(0x0000002cb0900000,0x0000002cb0a00000) (1024K)]
  0x000001bc70a261d0 WorkerThread "GC Thread#3"                     [id=10820, stack(0x0000002cb0a00000,0x0000002cb0b00000) (1024K)]
  0x000001bc70a26580 WorkerThread "GC Thread#4"                     [id=21876, stack(0x0000002cb0b00000,0x0000002cb0c00000) (1024K)]
  0x000001bc70a26930 WorkerThread "GC Thread#5"                     [id=16120, stack(0x0000002cb0c00000,0x0000002cb0d00000) (1024K)]
  0x000001bc70a26ce0 WorkerThread "GC Thread#6"                     [id=24152, stack(0x0000002cb0d00000,0x0000002cb0e00000) (1024K)]
Total: 9

Threads with active compile tasks:
C2 CompilerThread0  3291 1448       4       lombok.patcher.scripts.MethodLevelPatchScript::patch (21 bytes)
C1 CompilerThread0  3291 1446       3       jdk.internal.loader.URLClassPath$JarLoader$2::<init> (31 bytes)
Total: 2

VM state: not at safepoint (normal execution)

VM Mutex/Monitor currently owned by a thread:  ([mutex/lock_event])
[0x00007ffea566d4f0] Metaspace_lock - owner thread: 0x000001bc57f07a90

Heap address: 0x0000000080000000, size: 2048 MB, Compressed Oops mode: 32-bit

CDS archive(s) mapped at: [0x000001bc00000000-0x000001bc00ba0000-0x000001bc00ba0000), size 12189696, SharedBaseAddress: 0x000001bc00000000, ArchiveRelocationMode: 1.
Compressed class space mapped at: 0x000001bc01000000-0x000001bc41000000, reserved size: 1073741824
Narrow klass base: 0x000001bc00000000, Narrow klass shift: 0, Narrow klass range: 0x100000000

GC Precious Log:
 CardTable entry size: 512
 CPUs: 8 total, 8 available
 Memory: 16106M
 Large Page Support: Disabled
 NUMA Support: Disabled
 Compressed Oops: Enabled (32-bit)
 Alignments: Space 512K, Generation 512K, Heap 2M
 Heap Min Capacity: 100M
 Heap Initial Capacity: 100M
 Heap Max Capacity: 2G
 Pre-touch: Disabled
 Parallel Workers: 8

Heap:
 PSYoungGen      total 29696K, used 17188K [0x00000000d5580000, 0x00000000d7680000, 0x0000000100000000)
  eden space 25600K, 54% used [0x00000000d5580000,0x00000000d6315048,0x00000000d6e80000)
  from space 4096K, 80% used [0x00000000d6e80000,0x00000000d71b4148,0x00000000d7280000)
  to   space 4096K, 0% used [0x00000000d7280000,0x00000000d7280000,0x00000000d7680000)
 ParOldGen       total 68608K, used 16K [0x0000000080000000, 0x0000000084300000, 0x00000000d5580000)
  object space 68608K, 0% used [0x0000000080000000,0x0000000080004000,0x0000000084300000)
 Metaspace       used 6857K, committed 7104K, reserved 1114112K
  class space    used 696K, committed 832K, reserved 1048576K

Card table byte_map: [0x000001bc57910000,0x000001bc57d20000] _byte_map_base: 0x000001bc57510000

Marking Bits: (ParMarkBitMap*) 0x00007ffea5674460
 Begin Bits: [0x000001bc6a420000, 0x000001bc6c420000)
 End Bits:   [0x000001bc6c420000, 0x000001bc6e420000)

Polling page: 0x000001bc55d40000

Metaspace:

Usage:
  Non-class:      6.02 MB used.
      Class:    696.02 KB used.
       Both:      6.70 MB used.

Virtual space:
  Non-class space:       64.00 MB reserved,       6.12 MB ( 10%) committed,  1 nodes.
      Class space:        1.00 GB reserved,     832.00 KB ( <1%) committed,  1 nodes.
             Both:        1.06 GB reserved,       6.94 MB ( <1%) committed. 

Chunk freelists:
   Non-Class:  9.59 MB
       Class:  15.05 MB
        Both:  24.64 MB

MaxMetaspaceSize: unlimited
CompressedClassSpaceSize: 1.00 GB
Initial GC threshold: 21.00 MB
Current GC threshold: 21.00 MB
CDS: on
 - commit_granule_bytes: 65536.
 - commit_granule_words: 8192.
 - virtual_space_node_default_size: 8388608.
 - enlarge_chunks_in_place: 1.
 - use_allocation_guard: 0.


Internal statistics:

num_allocs_failed_limit: 0.
num_arena_births: 198.
num_arena_deaths: 0.
num_vsnodes_births: 2.
num_vsnodes_deaths: 0.
num_space_committed: 111.
num_space_uncommitted: 0.
num_chunks_returned_to_freelist: 0.
num_chunks_taken_from_freelist: 336.
num_chunk_merges: 0.
num_chunk_splits: 220.
num_chunks_enlarged: 145.
num_inconsistent_stats: 0.

CodeHeap 'non-profiled nmethods': size=120000Kb used=601Kb max_used=601Kb free=119398Kb
 bounds [0x000001bc62c40000, 0x000001bc62eb0000, 0x000001bc6a170000]
CodeHeap 'profiled nmethods': size=120000Kb used=2503Kb max_used=2503Kb free=117496Kb
 bounds [0x000001bc5b170000, 0x000001bc5b3f0000, 0x000001bc626a0000]
CodeHeap 'non-nmethods': size=5760Kb used=1214Kb max_used=1236Kb free=4545Kb
 bounds [0x000001bc626a0000, 0x000001bc62910000, 0x000001bc62c40000]
CodeCache: size=245760Kb, used=4318Kb, max_used=4340Kb, free=241439Kb
 total_blobs=1914, nmethods=1444, adapters=377, full_count=0
Compilation: enabled, stopped_count=0, restarted_count=0

Compilation events (20 events):
Event: 3.216 Thread 0x000001bc57f07a90 1437       3       java.security.MessageDigest::digest (12 bytes)
Event: 3.217 Thread 0x000001bc57f07a90 nmethod 1437 0x000001bc5b3dae90 code [0x000001bc5b3db040, 0x000001bc5b3db300]
Event: 3.240 Thread 0x000001bc57f07a90 1438   !   3       sun.security.provider.DigestBase::engineDigest (33 bytes)
Event: 3.240 Thread 0x000001bc57f07a90 nmethod 1438 0x000001bc5b3db410 code [0x000001bc5b3db5e0, 0x000001bc5b3db890]
Event: 3.241 Thread 0x000001bc57f07a90 1439       3       sun.security.provider.DigestBase::engineDigest (112 bytes)
Event: 3.241 Thread 0x000001bc57f07a90 nmethod 1439 0x000001bc5b3db990 code [0x000001bc5b3dbc60, 0x000001bc5b3dc868]
Event: 3.241 Thread 0x000001bc57f07a90 1440       3       sun.security.provider.SHA2::implDigest (98 bytes)
Event: 3.243 Thread 0x000001bc57f07a90 nmethod 1440 0x000001bc5b3dcd10 code [0x000001bc5b3dd020, 0x000001bc5b3de160]
Event: 3.251 Thread 0x000001bc57f07a90 1441       3       sun.net.www.ParseUtil::encodePath (41 bytes)
Event: 3.251 Thread 0x000001bc57f07a90 nmethod 1441 0x000001bc5b3de810 code [0x000001bc5b3de9e0, 0x000001bc5b3dec40]
Event: 3.251 Thread 0x000001bc57f07a90 1442       3       java.lang.Thread::interrupted (7 bytes)
Event: 3.251 Thread 0x000001bc57f07a90 nmethod 1442 0x000001bc5b3ded10 code [0x000001bc5b3deec0, 0x000001bc5b3df128]
Event: 3.251 Thread 0x000001bc57f07a90 1443       3       java.lang.Thread::getAndClearInterrupt (19 bytes)
Event: 3.252 Thread 0x000001bc57f07a90 nmethod 1443 0x000001bc5b3df210 code [0x000001bc5b3df3c0, 0x000001bc5b3df548]
Event: 3.255 Thread 0x000001bc57f07a90 1444       3       java.util.jar.JarVerifier::beginEntry (229 bytes)
Event: 3.255 Thread 0x000001bc57ef2990 1445       4       java.lang.AbstractStringBuilder::<init> (39 bytes)
Event: 3.257 Thread 0x000001bc57f07a90 nmethod 1444 0x000001bc5b3df610 code [0x000001bc5b3dfa80, 0x000001bc5b3e1530]
Event: 3.257 Thread 0x000001bc57ef2990 nmethod 1445 0x000001bc62cd6290 code [0x000001bc62cd6420, 0x000001bc62cd65f0]
Event: 3.257 Thread 0x000001bc57f07a90 1446       3       jdk.internal.loader.URLClassPath$JarLoader$2::<init> (31 bytes)
Event: 3.257 Thread 0x000001bc57ef2990 1448       4       lombok.patcher.scripts.MethodLevelPatchScript::patch (21 bytes)

GC Heap History (2 events):
Event: 2.420 GC heap before
{Heap before GC invocations=1 (full 0):
 PSYoungGen      total 29696K, used 25600K [0x00000000d5580000, 0x00000000d7680000, 0x0000000100000000)
  eden space 25600K, 100% used [0x00000000d5580000,0x00000000d6e80000,0x00000000d6e80000)
  from space 4096K, 0% used [0x00000000d7280000,0x00000000d7280000,0x00000000d7680000)
  to   space 4096K, 0% used [0x00000000d6e80000,0x00000000d6e80000,0x00000000d7280000)
 ParOldGen       total 68608K, used 0K [0x0000000080000000, 0x0000000084300000, 0x00000000d5580000)
  object space 68608K, 0% used [0x0000000080000000,0x0000000080000000,0x0000000084300000)
 Metaspace       used 4532K, committed 4736K, reserved 1114112K
  class space    used 494K, committed 576K, reserved 1048576K
}
Event: 2.429 GC heap after
{Heap after GC invocations=1 (full 0):
 PSYoungGen      total 29696K, used 3280K [0x00000000d5580000, 0x00000000d7680000, 0x0000000100000000)
  eden space 25600K, 0% used [0x00000000d5580000,0x00000000d5580000,0x00000000d6e80000)
  from space 4096K, 80% used [0x00000000d6e80000,0x00000000d71b4148,0x00000000d7280000)
  to   space 4096K, 0% used [0x00000000d7280000,0x00000000d7280000,0x00000000d7680000)
 ParOldGen       total 68608K, used 16K [0x0000000080000000, 0x0000000084300000, 0x00000000d5580000)
  object space 68608K, 0% used [0x0000000080000000,0x0000000080004000,0x0000000084300000)
 Metaspace       used 4532K, committed 4736K, reserved 1114112K
  class space    used 494K, committed 576K, reserved 1048576K
}

Dll operation events (8 events):
Event: 0.154 Loaded shared library c:\Users\bruno\.vscode\extensions\redhat.java-1.55.0-win32-x64\jre\21.0.11-win32-x86_64\bin\java.dll
Event: 0.295 Loaded shared library c:\Users\bruno\.vscode\extensions\redhat.java-1.55.0-win32-x64\jre\21.0.11-win32-x86_64\bin\zip.dll
Event: 0.323 Loaded shared library C:\Users\bruno\.vscode\extensions\redhat.java-1.55.0-win32-x64\jre\21.0.11-win32-x86_64\bin\instrument.dll
Event: 0.377 Loaded shared library C:\Users\bruno\.vscode\extensions\redhat.java-1.55.0-win32-x64\jre\21.0.11-win32-x86_64\bin\net.dll
Event: 0.432 Loaded shared library C:\Users\bruno\.vscode\extensions\redhat.java-1.55.0-win32-x64\jre\21.0.11-win32-x86_64\bin\nio.dll
Event: 0.438 Loaded shared library C:\Users\bruno\.vscode\extensions\redhat.java-1.55.0-win32-x64\jre\21.0.11-win32-x86_64\bin\zip.dll
Event: 0.462 Loaded shared library C:\Users\bruno\.vscode\extensions\redhat.java-1.55.0-win32-x64\jre\21.0.11-win32-x86_64\bin\jimage.dll
Event: 0.706 Loaded shared library c:\Users\bruno\.vscode\extensions\redhat.java-1.55.0-win32-x64\jre\21.0.11-win32-x86_64\bin\verify.dll

Deoptimization events (20 events):
Event: 2.772 Thread 0x000001bc57f6ca30 DEOPT PACKING pc=0x000001bc62c96e28 sp=0x0000002caf9f90c0
Event: 2.773 Thread 0x000001bc57f6ca30 DEOPT UNPACKING pc=0x000001bc626f6da2 sp=0x0000002caf9f9070 mode 2
Event: 2.883 Thread 0x000001bc57f6ca30 Uncommon trap: trap_request=0xffffff45 fr.pc=0x000001bc62c75ce0 relative=0x0000000000001e60
Event: 2.883 Thread 0x000001bc57f6ca30 Uncommon trap: reason=unstable_if action=reinterpret pc=0x000001bc62c75ce0 method=java.lang.String.<init>([CIILjava/lang/Void;)V @ 5 c2
Event: 2.883 Thread 0x000001bc57f6ca30 DEOPT PACKING pc=0x000001bc62c75ce0 sp=0x0000002caf9f45f0
Event: 2.883 Thread 0x000001bc57f6ca30 DEOPT UNPACKING pc=0x000001bc626f6da2 sp=0x0000002caf9f4398 mode 2
Event: 2.891 Thread 0x000001bc57f6ca30 DEOPT PACKING pc=0x000001bc5b3b400d sp=0x0000002caf9f7f80
Event: 2.891 Thread 0x000001bc57f6ca30 DEOPT UNPACKING pc=0x000001bc626f78e2 sp=0x0000002caf9f7430 mode 0
Event: 2.903 Thread 0x000001bc57f6ca30 Uncommon trap: trap_request=0xffffffc6 fr.pc=0x000001bc62c7c2d0 relative=0x0000000000000290
Event: 2.903 Thread 0x000001bc57f6ca30 Uncommon trap: reason=bimorphic_or_optimized_type_check action=maybe_recompile pc=0x000001bc62c7c2d0 method=java.util.Collections$UnmodifiableCollection$1.next()Ljava/lang/Object; @ 4 c2
Event: 2.903 Thread 0x000001bc57f6ca30 DEOPT PACKING pc=0x000001bc62c7c2d0 sp=0x0000002caf9f8b30
Event: 2.903 Thread 0x000001bc57f6ca30 DEOPT UNPACKING pc=0x000001bc626f6da2 sp=0x0000002caf9f8ae0 mode 2
Event: 2.903 Thread 0x000001bc57f6ca30 Uncommon trap: trap_request=0xffffffc6 fr.pc=0x000001bc62c7c2d0 relative=0x0000000000000290
Event: 2.903 Thread 0x000001bc57f6ca30 Uncommon trap: reason=bimorphic_or_optimized_type_check action=maybe_recompile pc=0x000001bc62c7c2d0 method=java.util.Collections$UnmodifiableCollection$1.next()Ljava/lang/Object; @ 4 c2
Event: 2.903 Thread 0x000001bc57f6ca30 DEOPT PACKING pc=0x000001bc62c7c2d0 sp=0x0000002caf9f8b30
Event: 2.903 Thread 0x000001bc57f6ca30 DEOPT UNPACKING pc=0x000001bc626f6da2 sp=0x0000002caf9f8ae0 mode 2
Event: 3.252 Thread 0x000001bc57f6ca30 Uncommon trap: trap_request=0xffffff45 fr.pc=0x000001bc62c887ec relative=0x00000000000004ec
Event: 3.252 Thread 0x000001bc57f6ca30 Uncommon trap: reason=unstable_if action=reinterpret pc=0x000001bc62c887ec method=java.util.HashMap$HashIterator.<init>(Ljava/util/HashMap;)V @ 45 c2
Event: 3.252 Thread 0x000001bc57f6ca30 DEOPT PACKING pc=0x000001bc62c887ec sp=0x0000002caf9feb30
Event: 3.252 Thread 0x000001bc57f6ca30 DEOPT UNPACKING pc=0x000001bc626f6da2 sp=0x0000002caf9fe9a0 mode 2

Classes loaded (20 events):
Event: 3.058 Loading class java/security/NoSuchAlgorithmException
Event: 3.058 Loading class java/security/NoSuchAlgorithmException done
Event: 3.058 Loading class java/security/NoSuchProviderException
Event: 3.058 Loading class java/security/NoSuchProviderException done
Event: 3.121 Loading class java/util/Collections$UnmodifiableMap$UnmodifiableEntrySet
Event: 3.121 Loading class java/util/Collections$UnmodifiableMap$UnmodifiableEntrySet done
Event: 3.121 Loading class java/util/Collections$UnmodifiableMap$UnmodifiableEntrySet$1
Event: 3.121 Loading class java/util/Collections$UnmodifiableMap$UnmodifiableEntrySet$1 done
Event: 3.121 Loading class java/util/Collections$UnmodifiableMap$UnmodifiableEntrySet$UnmodifiableEntry
Event: 3.121 Loading class java/util/Collections$UnmodifiableMap$UnmodifiableEntrySet$UnmodifiableEntry done
Event: 3.163 Loading class java/util/concurrent/RejectedExecutionException
Event: 3.163 Loading class java/util/concurrent/RejectedExecutionException done
Event: 3.252 Loading class java/util/LinkedList
Event: 3.252 Loading class java/util/AbstractSequentialList
Event: 3.252 Loading class java/util/AbstractSequentialList done
Event: 3.252 Loading class java/util/LinkedList done
Event: 3.252 Loading class java/util/LinkedList$Node
Event: 3.253 Loading class java/util/LinkedList$Node done
Event: 3.253 Loading class java/util/LinkedList$ListItr
Event: 3.253 Loading class java/util/LinkedList$ListItr done

Classes unloaded (0 events):
No events

Classes redefined (0 events):
No events

Internal exceptions (20 events):
Event: 1.396 Thread 0x000001bc57f6ca30 Exception <a 'java/io/FileNotFoundException'{0x00000000d64cfe98}> (0x00000000d64cfe98) 
thrown [s\src\hotspot\share\prims\jni.cpp, line 520]
Event: 1.403 Thread 0x000001bc57f6ca30 Implicit null exception at 0x000001bc62c71824 to 0x000001bc62c71e24
Event: 1.403 Thread 0x000001bc57f6ca30 Implicit null exception at 0x000001bc62c72da0 to 0x000001bc62c73398
Event: 1.406 Thread 0x000001bc57f6ca30 Exception <a 'java/io/FileNotFoundException'{0x00000000d6508320}> (0x00000000d6508320) 
thrown [s\src\hotspot\share\prims\jni.cpp, line 520]
Event: 1.458 Thread 0x000001bc57f6ca30 Exception <a 'java/lang/NoSuchMethodError'{0x00000000d6540fc0}: 'java.lang.Object java.lang.invoke.DirectMethodHandle$Holder.invokeInterface(java.lang.Object, java.lang.Object)'> (0x00000000d6540fc0) 
thrown [s\src\hotspot\share\interpreter\linkResolver.cpp, line 773]
Event: 1.466 Thread 0x000001bc57f6ca30 Exception <a 'java/lang/NoSuchMethodError'{0x00000000d6554600}: 'java.lang.Object java.lang.invoke.Invokers$Holder.invokeExact_MT(java.lang.Object, java.lang.Object, java.lang.Object, java.lang.Object, java.lang.Object, java.lang.Object)'> (0x00000000d6554600) 
thrown [s\src\hotspot\share\interpreter\linkResolver.cpp, line 773]
Event: 1.470 Thread 0x000001bc57f6ca30 Exception <a 'java/lang/NoSuchMethodError'{0x00000000d656b6d8}: 'int java.lang.invoke.DirectMethodHandle$Holder.invokeStatic(java.lang.Object, java.lang.Object, java.lang.Object, java.lang.Object, java.lang.Object)'> (0x00000000d656b6d8) 
thrown [s\src\hotspot\share\interpreter\linkResolver.cpp, line 773]
Event: 1.607 Thread 0x000001bc57f6ca30 Exception <a 'java/lang/NoSuchMethodError'{0x00000000d65ff130}: 'java.lang.Object java.lang.invoke.DirectMethodHandle$Holder.invokeInterface(java.lang.Object, java.lang.Object, int)'> (0x00000000d65ff130) 
thrown [s\src\hotspot\share\interpreter\linkResolver.cpp, line 773]
Event: 1.646 Thread 0x000001bc57f6ca30 Exception <a 'sun/nio/fs/WindowsException'{0x00000000d6645280}> (0x00000000d6645280) 
thrown [s\src\hotspot\share\prims\jni.cpp, line 520]
Event: 1.646 Thread 0x000001bc57f6ca30 Exception <a 'sun/nio/fs/WindowsException'{0x00000000d664a628}> (0x00000000d664a628) 
thrown [s\src\hotspot\share\prims\jni.cpp, line 520]
Event: 2.228 Thread 0x000001bc57f6ca30 Exception <a 'java/lang/NoSuchMethodError'{0x00000000d6aaf578}: 'java.lang.ClassLoader java.lang.ClassLoader.getPlatformClassLoader(java.lang.Class)'> (0x00000000d6aaf578) 
thrown [s\src\hotspot\share\interpreter\linkResolver.cpp, line 773]
Event: 2.443 Thread 0x000001bc57f6ca30 Exception <a 'java/lang/ClassNotFoundException'{0x00000000d55caea8}: sun/net/www/protocol/c/Handler> (0x00000000d55caea8) 
thrown [s\src\hotspot\share\classfile\systemDictionary.cpp, line 313]
Event: 2.446 Thread 0x000001bc57f6ca30 Exception <a 'java/lang/ClassNotFoundException'{0x00000000d55cc250}: sun/net/www/protocol/c/Handler> (0x00000000d55cc250) 
thrown [s\src\hotspot\share\classfile\systemDictionary.cpp, line 313]
Event: 2.446 Thread 0x000001bc57f6ca30 Exception <a 'java/lang/ClassNotFoundException'{0x00000000d55cd438}: sun/net/www/protocol/c/Handler> (0x00000000d55cd438) 
thrown [s\src\hotspot\share\classfile\systemDictionary.cpp, line 313]
Event: 2.459 Thread 0x000001bc57f6ca30 Exception <a 'java/io/FileNotFoundException'{0x00000000d55f6838}> (0x00000000d55f6838) 
thrown [s\src\hotspot\share\prims\jni.cpp, line 520]
Event: 2.502 Thread 0x000001bc57f6ca30 Implicit null exception at 0x000001bc62c9f129 to 0x000001bc62c9f9c8
Event: 2.502 Thread 0x000001bc57f6ca30 Implicit null exception at 0x000001bc62cb169a to 0x000001bc62cb18a4
Event: 2.503 Thread 0x000001bc57f6ca30 Exception <a 'java/lang/NoSuchMethodError'{0x00000000d5729480}: 'void java.lang.invoke.DirectMethodHandle$Holder.invokeStatic(java.lang.Object, java.lang.Object, java.lang.Object, java.lang.Object)'> (0x00000000d5729480) 
thrown [s\src\hotspot\share\interpreter\linkResolver.cpp, line 773]
Event: 2.514 Thread 0x000001bc57f6ca30 Implicit null exception at 0x000001bc62ca531a to 0x000001bc62ca5520
Event: 2.714 Thread 0x000001bc57f6ca30 Exception <a 'java/lang/NoSuchMethodError'{0x00000000d5b6c4c8}: 'int java.lang.invoke.DirectMethodHandle$Holder.invokeVirtual(java.lang.Object, java.lang.Object)'> (0x00000000d5b6c4c8) 
thrown [s\src\hotspot\share\interpreter\linkResolver.cpp, line 773]

ZGC Phase Switch (0 events):
No events

VM Operations (16 events):
Event: 0.251 Executing non-safepoint VM operation: HandshakeAllThreads (Deoptimize)
Event: 0.251 Executing non-safepoint VM operation: HandshakeAllThreads (Deoptimize) done
Event: 0.480 Executing non-safepoint VM operation: HandshakeAllThreads (Deoptimize)
Event: 0.480 Executing non-safepoint VM operation: HandshakeAllThreads (Deoptimize) done
Event: 1.255 Executing non-safepoint VM operation: HandshakeAllThreads (Deoptimize)
Event: 1.255 Executing non-safepoint VM operation: HandshakeAllThreads (Deoptimize) done
Event: 1.255 Executing safepoint VM operation: Cleanup
Event: 1.255 Executing safepoint VM operation: Cleanup done
Event: 1.279 Executing non-safepoint VM operation: HandshakeAllThreads (Deoptimize)
Event: 1.279 Executing non-safepoint VM operation: HandshakeAllThreads (Deoptimize) done
Event: 2.283 Executing safepoint VM operation: Cleanup
Event: 2.299 Executing safepoint VM operation: Cleanup done
Event: 2.396 Executing non-safepoint VM operation: HandshakeAllThreads (Deoptimize)
Event: 2.396 Executing non-safepoint VM operation: HandshakeAllThreads (Deoptimize) done
Event: 2.420 Executing safepoint VM operation: ParallelGCFailedAllocation (Allocation Failure)
Event: 2.429 Executing safepoint VM operation: ParallelGCFailedAllocation (Allocation Failure) done

Memory protections (0 events):
No events

Nmethod flushes (0 events):
No events

Events (20 events):
Event: 0.307 Thread 0x000001bc57f07a90 Thread added: 0x000001bc702fef60
Event: 0.325 Thread 0x000001bc57f6ca30 Thread added: 0x000001bc7038de30
Event: 0.439 Thread 0x000001bc702fef60 Thread exited: 0x000001bc702fef60
Event: 0.555 Thread 0x000001bc57f07a90 Thread added: 0x000001bc703df9f0
Event: 0.721 Thread 0x000001bc703df9f0 Thread exited: 0x000001bc703df9f0
Event: 0.873 Thread 0x000001bc57f6ca30 Thread added: 0x000001bc704cbab0
Event: 0.908 Thread 0x000001bc57f07a90 Thread added: 0x000001bc70500ab0
Event: 1.087 Thread 0x000001bc70500ab0 Thread exited: 0x000001bc70500ab0
Event: 1.147 Thread 0x000001bc57f07a90 Thread added: 0x000001bc70566900
Event: 1.147 Thread 0x000001bc57f07a90 Thread added: 0x000001bc70566fb0
Event: 1.400 Thread 0x000001bc70566fb0 Thread exited: 0x000001bc70566fb0
Event: 1.578 Thread 0x000001bc70566900 Thread exited: 0x000001bc70566900
Event: 2.020 Thread 0x000001bc57f07a90 Thread added: 0x000001bc70a3cb80
Event: 2.517 Thread 0x000001bc70a3cb80 Thread exited: 0x000001bc70a3cb80
Event: 2.752 Thread 0x000001bc57f07a90 Thread added: 0x000001bc70cb6040
Event: 2.753 Thread 0x000001bc57f07a90 Thread added: 0x000001bc70cb66f0
Event: 3.008 Thread 0x000001bc70cb6040 Thread exited: 0x000001bc70cb6040
Event: 3.008 Thread 0x000001bc70cb66f0 Thread exited: 0x000001bc70cb66f0
Event: 3.064 Thread 0x000001bc57ef2990 Thread added: 0x000001bc70d09150
Event: 3.216 Thread 0x000001bc70d09150 Thread exited: 0x000001bc70d09150


Dynamic libraries:
0x00007ff6ee600000 - 0x00007ff6ee60e000 	c:\Users\bruno\.vscode\extensions\redhat.java-1.55.0-win32-x64\jre\21.0.11-win32-x86_64\bin\java.exe
0x00007fff44d20000 - 0x00007fff44f86000 	C:\WINDOWS\SYSTEM32\ntdll.dll
0x00007fff43be0000 - 0x00007fff43ca9000 	C:\WINDOWS\System32\KERNEL32.DLL
0x00007fff42530000 - 0x00007fff4292a000 	C:\WINDOWS\System32\KERNELBASE.dll
0x00007fff42320000 - 0x00007fff4246c000 	C:\WINDOWS\System32\ucrtbase.dll
0x00007ffefa9d0000 - 0x00007ffefa9e8000 	c:\Users\bruno\.vscode\extensions\redhat.java-1.55.0-win32-x64\jre\21.0.11-win32-x86_64\bin\jli.dll
0x00007fff43660000 - 0x00007fff43827000 	C:\WINDOWS\System32\USER32.dll
0x00007fff42500000 - 0x00007fff42527000 	C:\WINDOWS\System32\win32u.dll
0x00007fff44b30000 - 0x00007fff44b5b000 	C:\WINDOWS\System32\GDI32.dll
0x00007fff41fb0000 - 0x00007fff420db000 	C:\WINDOWS\System32\gdi32full.dll
0x00007fff429e0000 - 0x00007fff42a83000 	C:\WINDOWS\System32\msvcp_win.dll
0x00007fff066f0000 - 0x00007fff0670e000 	c:\Users\bruno\.vscode\extensions\redhat.java-1.55.0-win32-x64\jre\21.0.11-win32-x86_64\bin\VCRUNTIME140.dll
0x00007fff25c10000 - 0x00007fff25ea2000 	C:\WINDOWS\WinSxS\amd64_microsoft.windows.common-controls_6595b64144ccf1df_6.0.26100.8521_none_3e08b75ce33403b3\COMCTL32.dll
0x00007fff43b30000 - 0x00007fff43bd9000 	C:\WINDOWS\System32\msvcrt.dll
0x00007fff42c60000 - 0x00007fff42c92000 	C:\WINDOWS\System32\IMM32.DLL
0x00007fff127c0000 - 0x00007fff127cc000 	c:\Users\bruno\.vscode\extensions\redhat.java-1.55.0-win32-x64\jre\21.0.11-win32-x86_64\bin\vcruntime140_1.dll
0x00007ffee07e0000 - 0x00007ffee086d000 	c:\Users\bruno\.vscode\extensions\redhat.java-1.55.0-win32-x64\jre\21.0.11-win32-x86_64\bin\msvcp140.dll
0x00007ffea49b0000 - 0x00007ffea5752000 	c:\Users\bruno\.vscode\extensions\redhat.java-1.55.0-win32-x64\jre\21.0.11-win32-x86_64\bin\server\jvm.dll
0x00007fff43350000 - 0x00007fff43406000 	C:\WINDOWS\System32\ADVAPI32.dll
0x00007fff42ca0000 - 0x00007fff42d4a000 	C:\WINDOWS\System32\sechost.dll
0x00007fff42b10000 - 0x00007fff42c28000 	C:\WINDOWS\System32\RPCRT4.dll
0x00007fff42de0000 - 0x00007fff42e60000 	C:\WINDOWS\System32\WS2_32.dll
0x00007fff38f00000 - 0x00007fff38f36000 	C:\WINDOWS\SYSTEM32\WINMM.dll
0x00007fff41e10000 - 0x00007fff41e6e000 	C:\WINDOWS\SYSTEM32\POWRPROF.dll
0x00007fff38d90000 - 0x00007fff38d9b000 	C:\WINDOWS\SYSTEM32\VERSION.dll
0x00007fff41df0000 - 0x00007fff41e04000 	C:\WINDOWS\SYSTEM32\UMPDC.dll
0x00007fff40d40000 - 0x00007fff40d5b000 	C:\WINDOWS\SYSTEM32\kernel.appcore.dll
0x00007fff07820000 - 0x00007fff0782a000 	c:\Users\bruno\.vscode\extensions\redhat.java-1.55.0-win32-x64\jre\21.0.11-win32-x86_64\bin\jimage.dll
0x00007fff3f5c0000 - 0x00007fff3f802000 	C:\WINDOWS\SYSTEM32\DBGHELP.DLL
0x00007fff42e70000 - 0x00007fff431f3000 	C:\WINDOWS\System32\combase.dll
0x00007fff43270000 - 0x00007fff43349000 	C:\WINDOWS\System32\OLEAUT32.dll
0x00007fff21160000 - 0x00007fff2119b000 	C:\WINDOWS\SYSTEM32\dbgcore.DLL
0x00007fff42930000 - 0x00007fff429d8000 	C:\WINDOWS\System32\bcryptPrimitives.dll
0x00007fff060b0000 - 0x00007fff060bf000 	c:\Users\bruno\.vscode\extensions\redhat.java-1.55.0-win32-x64\jre\21.0.11-win32-x86_64\bin\instrument.dll
0x00007ffefa9b0000 - 0x00007ffefa9d0000 	c:\Users\bruno\.vscode\extensions\redhat.java-1.55.0-win32-x64\jre\21.0.11-win32-x86_64\bin\java.dll
0x00007fff443a0000 - 0x00007fff44b24000 	C:\WINDOWS\System32\SHELL32.dll
0x00007fff3fb50000 - 0x00007fff403d0000 	C:\WINDOWS\SYSTEM32\windows.storage.dll
0x00007fff44be0000 - 0x00007fff44cd6000 	C:\WINDOWS\System32\SHCORE.dll
0x00007fff43410000 - 0x00007fff43477000 	C:\WINDOWS\System32\shlwapi.dll
0x00007fff41ed0000 - 0x00007fff41ef9000 	C:\WINDOWS\SYSTEM32\profapi.dll
0x00007ffefa990000 - 0x00007ffefa9a8000 	c:\Users\bruno\.vscode\extensions\redhat.java-1.55.0-win32-x64\jre\21.0.11-win32-x86_64\bin\zip.dll
0x00007fff04e80000 - 0x00007fff04e90000 	C:\Users\bruno\.vscode\extensions\redhat.java-1.55.0-win32-x64\jre\21.0.11-win32-x86_64\bin\net.dll
0x00007fff33e30000 - 0x00007fff33f59000 	C:\WINDOWS\SYSTEM32\WINHTTP.dll
0x00007fff412b0000 - 0x00007fff4131c000 	C:\WINDOWS\system32\mswsock.dll
0x00007ffefa970000 - 0x00007ffefa986000 	C:\Users\bruno\.vscode\extensions\redhat.java-1.55.0-win32-x64\jre\21.0.11-win32-x86_64\bin\nio.dll
0x00007fff03930000 - 0x00007fff03940000 	c:\Users\bruno\.vscode\extensions\redhat.java-1.55.0-win32-x64\jre\21.0.11-win32-x86_64\bin\verify.dll

JVMTI agents:
c:\Users\bruno\.vscode\extensions\redhat.java-1.55.0-win32-x64\lombok\lombok-1.18.39-4050.jar path:c:\Users\bruno\.vscode\extensions\redhat.java-1.55.0-win32-x64\jre\21.0.11-win32-x86_64\bin\instrument.dll, loaded, initialized, instrumentlib options:none

dbghelp: loaded successfully - version: 4.0.5 - missing functions: none
symbol engine: initialized successfully - sym options: 0x614 - pdb path: .;c:\Users\bruno\.vscode\extensions\redhat.java-1.55.0-win32-x64\jre\21.0.11-win32-x86_64\bin;C:\WINDOWS\SYSTEM32;C:\WINDOWS\WinSxS\amd64_microsoft.windows.common-controls_6595b64144ccf1df_6.0.26100.8521_none_3e08b75ce33403b3;c:\Users\bruno\.vscode\extensions\redhat.java-1.55.0-win32-x64\jre\21.0.11-win32-x86_64\bin\server

VM Arguments:
jvm_args: --add-modules=ALL-SYSTEM --add-opens=java.base/java.util=ALL-UNNAMED --add-opens=java.base/java.lang=ALL-UNNAMED --add-opens=java.base/sun.nio.fs=ALL-UNNAMED -Declipse.application=org.eclipse.jdt.ls.core.id1 -Dosgi.bundles.defaultStartLevel=4 -Declipse.product=org.eclipse.jdt.ls.core.product -Djava.import.generatesMetadataFilesAtProjectRoot=false -DDetectVMInstallationsJob.disabled=true -Dfile.encoding=utf8 -XX:+UseParallelGC -XX:GCTimeRatio=4 -XX:AdaptiveSizePolicyWeight=90 -Dsun.zip.disableMemoryMapping=true -Xmx2G -Xms100m -Xlog:disable -javaagent:c:\Users\bruno\.vscode\extensions\redhat.java-1.55.0-win32-x64\lombok\lombok-1.18.39-4050.jar -XX:+HeapDumpOnOutOfMemoryError -XX:HeapDumpPath=c:\Users\bruno\AppData\Roaming\Code\User\workspaceStorage\7a2d020932557ee57ef882c2d2f97887\redhat.java -Daether.dependencyCollector.impl=bf 
java_command: c:\Users\bruno\.vscode\extensions\redhat.java-1.55.0-win32-x64\server\plugins\org.eclipse.equinox.launcher_1.7.200.v20260619-2039.jar -configuration c:\Users\bruno\AppData\Roaming\Code\User\globalStorage\redhat.java\1.55.0\config_win -data c:\Users\bruno\AppData\Roaming\Code\User\workspaceStorage\7a2d020932557ee57ef882c2d2f97887\redhat.java\jdt_ws --pipe=\\.\pipe\lsp-2a394f8c9eb47efc3e66a2e9503efce2-sock
java_class_path (initial): c:\Users\bruno\.vscode\extensions\redhat.java-1.55.0-win32-x64\server\plugins\org.eclipse.equinox.launcher_1.7.200.v20260619-2039.jar
Launcher Type: SUN_STANDARD

[Global flags]
    uintx AdaptiveSizePolicyWeight                 = 90                                        {product} {command line}
     intx CICompilerCount                          = 4                                         {product} {ergonomic}
    uintx GCTimeRatio                              = 4                                         {product} {command line}
     bool HeapDumpOnOutOfMemoryError               = true                                   {manageable} {command line}
    ccstr HeapDumpPath                             = c:\Users\bruno\AppData\Roaming\Code\User\workspaceStorage\7a2d020932557ee57ef882c2d2f97887\redhat.java         {manageable} {command line}
   size_t InitialHeapSize                          = 104857600                                 {product} {command line}
   size_t MaxHeapSize                              = 2147483648                                {product} {command line}
   size_t MaxNewSize                               = 715653120                                 {product} {ergonomic}
   size_t MinHeapDeltaBytes                        = 524288                                    {product} {ergonomic}
   size_t MinHeapSize                              = 104857600                                 {product} {command line}
   size_t NewSize                                  = 34603008                                  {product} {ergonomic}
    uintx NonNMethodCodeHeapSize                   = 5839372                                {pd product} {ergonomic}
    uintx NonProfiledCodeHeapSize                  = 122909434                              {pd product} {ergonomic}
   size_t OldSize                                  = 70254592                                  {product} {ergonomic}
    uintx ProfiledCodeHeapSize                     = 122909434                              {pd product} {ergonomic}
    uintx ReservedCodeCacheSize                    = 251658240                              {pd product} {ergonomic}
     bool SegmentedCodeCache                       = true                                      {product} {ergonomic}
   size_t SoftMaxHeapSize                          = 2147483648                             {manageable} {ergonomic}
     bool UseCompressedOops                        = true                           {product lp64_product} {ergonomic}
     bool UseLargePagesIndividualAllocation        = false                                  {pd product} {ergonomic}
     bool UseParallelGC                            = true                                      {product} {command line}

Logging:
Log output configuration:
 #0: stdout all=off uptime,level,tags foldmultilines=false
 #1: stderr all=off uptime,level,tags foldmultilines=false

Release file:
JAVA_VERSION="21.0.11" 
MODULES="java.base java.compiler java.datatransfer java.xml java.prefs java.desktop java.instrument java.logging java.management java.security.sasl java.naming java.rmi java.management.rmi java.net.http java.scripting java.security.jgss java.transaction.xa java.sql java.sql.rowset java.xml.crypto java.se java.smartcardio jdk.accessibility jdk.internal.jvmstat jdk.attach jdk.charsets jdk.internal.opt jdk.zipfs jdk.compiler jdk.crypto.ec jdk.crypto.cryptoki jdk.crypto.mscapi jdk.dynalink jdk.internal.ed jdk.editpad jdk.hotspot.agent jdk.httpserver jdk.internal.le jdk.internal.vm.ci jdk.internal.vm.compiler jdk.internal.vm.compiler.management jdk.jartool jdk.javadoc jdk.jcmd jdk.management jdk.management.agent jdk.jconsole jdk.jdeps jdk.jdwp.agent jdk.jdi jdk.jfr jdk.jshell jdk.jsobject jdk.jstatd jdk.localedata jdk.management.jfr jdk.naming.dns jdk.naming.rmi jdk.net jdk.nio.mapmode jdk.random jdk.sctp jdk.security.auth jdk.security.jgss jdk.unsupported jdk.unsupported.desktop jdk.xml.dom" 

Environment Variables:
PATH=C:\Python313\Scripts\;C:\Python313\;C:\Program Files\Common Files\Oracle\Java\javapath;C:\Program Files (x86)\Common Files\Oracle\Java\java8path;C:\Program Files (x86)\Common Files\Oracle\Java\javapath;C:\Program Files (x86)\NVIDIA Corporation\PhysX\Common;C:\WINDOWS\system32;C:\WINDOWS;C:\WINDOWS\System32\Wbem;C:\WINDOWS\System32\WindowsPowerShell\v1.0\;C:\WINDOWS\System32\OpenSSH\;C:\Program Files\dotnet\;C:\ProgramData\UNIVALI\Portugol Studio;C:\Program Files\Git\cmd;C:\Program Files\nodejs\;C:\ProgramData\chocolatey\bin;C:\Users\bruno\AppData\Local\Microsoft\WindowsApps;C:\Users\bruno\AppData\Local\Programs\Microsoft VS Code\bin;C:\Program Files\Java\jdk-24\bin;C:\Users\bruno\AppData\Roaming\npm;C:\Program Files (x86)\Nmap
USERNAME=bruno
OS=Windows_NT
PROCESSOR_IDENTIFIER=Intel64 Family 6 Model 140 Stepping 1, GenuineIntel
TMP=C:\Users\bruno\AppData\Local\Temp
TEMP=C:\Users\bruno\AppData\Local\Temp




Periodic native trim disabled

---------------  S Y S T E M  ---------------

OS:
 Windows 11 , 64 bit Build 26100 (10.0.26100.8521)
OS uptime: 17 days 1:00 hours
Hyper-V role detected

CPU: total 8 (initial active 8) (4 cores per cpu, 2 threads per core) family 6 model 140 stepping 1 microcode 0xbe, cx8, cmov, fxsr, ht, mmx, 3dnowpref, sse, sse2, sse3, ssse3, sse4.1, sse4.2, popcnt, lzcnt, tsc, tscinvbit, avx, avx2, aes, erms, clmul, bmi1, bmi2, adx, avx512f, avx512dq, avx512cd, avx512bw, avx512vl, sha, fma, vzeroupper, avx512_vpopcntdq, avx512_vpclmulqdq, avx512_vaes, avx512_vnni, clflush, clflushopt, clwb, avx512_vbmi2, avx512_vbmi, hv, rdtscp, rdpid, fsrm, gfni, avx512_bitalg, f16c, cet_ibt, cet_ss, avx512_ifma
Processor Information for the first 8 processors :
  Max Mhz: 2803, Current Mhz: 2803, Mhz Limit: 2803

Memory: 4k page, system-wide physical 16106M (4022M free)
TotalPageFile size 36645M (AvailPageFile size 1M)
current process WorkingSet (physical memory assigned to process): 87M, peak: 88M
current process commit charge ("private bytes"): 238M, peak: 239M

vm_info: OpenJDK 64-Bit Server VM (21.0.11+10-LTS) for windows-amd64 JRE (21.0.11+10-LTS), built on 2026-04-21T00:00:00Z by "admin" with MS VC++ 17.12 (VS2022)

END.
